{"/home/travis/build/npmtest/node-npmtest-gulp-sprite-generator/test.js":{"path":"/home/travis/build/npmtest/node-npmtest-gulp-sprite-generator/test.js","s":{"1":2,"2":2,"3":2,"4":2,"5":2,"6":2,"7":2,"8":1,"9":2,"10":2,"11":1,"12":1,"13":1,"14":1,"15":2,"16":2,"17":2,"18":2,"19":1,"20":1,"21":2,"22":2,"23":2,"24":1,"25":1,"26":1,"27":1,"28":1,"29":1,"30":1,"31":1,"32":1,"33":1,"34":1,"35":1,"36":1,"37":1,"38":1,"39":2,"40":2,"41":1,"42":2,"43":2,"44":1,"45":2,"46":2,"47":1,"48":2,"49":2,"50":1,"51":1,"52":1,"53":1,"54":1},"b":{"1":[2,1,1,1],"2":[1,1,1,1],"3":[1,1],"4":[1,1],"5":[1,1],"6":[1,1],"7":[1,1],"8":[1,1],"9":[1,1],"10":[1,1,1],"11":[1,1],"12":[1,1],"13":[1,1],"14":[1,1],"15":[1,1],"16":[1,1],"17":[1,1]},"f":{"1":2,"2":2,"3":2,"4":2,"5":2,"6":1,"7":1,"8":1,"9":2,"10":2,"11":2,"12":2,"13":1},"fnMap":{"1":{"name":"(anonymous_1)","line":12,"loc":{"start":{"line":12,"column":1},"end":{"line":12,"column":13}}},"2":{"name":"(anonymous_2)","line":19,"loc":{"start":{"line":19,"column":5},"end":{"line":19,"column":17}}},"3":{"name":"(anonymous_3)","line":23,"loc":{"start":{"line":23,"column":24},"end":{"line":23,"column":36}}},"4":{"name":"(anonymous_4)","line":61,"loc":{"start":{"line":61,"column":5},"end":{"line":61,"column":17}}},"5":{"name":"(anonymous_5)","line":82,"loc":{"start":{"line":82,"column":5},"end":{"line":82,"column":17}}},"6":{"name":"(anonymous_6)","line":91,"loc":{"start":{"line":91,"column":77},"end":{"line":94,"column":10}}},"7":{"name":"(anonymous_7)","line":112,"loc":{"start":{"line":112,"column":83},"end":{"line":115,"column":10}},"skip":true},"8":{"name":"(anonymous_8)","line":123,"loc":{"start":{"line":123,"column":77},"end":{"line":126,"column":10}},"skip":true},"9":{"name":"(anonymous_9)","line":139,"loc":{"start":{"line":139,"column":12},"end":{"line":139,"column":40}},"skip":true},"10":{"name":"(anonymous_10)","line":147,"loc":{"start":{"line":147,"column":77},"end":{"line":150,"column":10}},"skip":true},"11":{"name":"(anonymous_11)","line":158,"loc":{"start":{"line":158,"column":83},"end":{"line":161,"column":10}},"skip":true},"12":{"name":"(anonymous_12)","line":169,"loc":{"start":{"line":169,"column":79},"end":{"line":172,"column":10}},"skip":true},"13":{"name":"(anonymous_13)","line":180,"loc":{"start":{"line":180,"column":75},"end":{"line":183,"column":10}},"skip":true}},"statementMap":{"1":{"start":{"line":12,"column":0},"end":{"line":195,"column":5}},"2":{"start":{"line":14,"column":4},"end":{"line":14,"column":14}},"3":{"start":{"line":19,"column":4},"end":{"line":56,"column":9}},"4":{"start":{"line":21,"column":8},"end":{"line":21,"column":19}},"5":{"start":{"line":23,"column":8},"end":{"line":35,"column":13}},"6":{"start":{"line":24,"column":12},"end":{"line":34,"column":13}},"7":{"start":{"line":25,"column":16},"end":{"line":28,"column":30}},"8":{"start":{"line":30,"column":16},"end":{"line":33,"column":27}},"9":{"start":{"line":37,"column":8},"end":{"line":39,"column":21}},"10":{"start":{"line":40,"column":8},"end":{"line":53,"column":9}},"11":{"start":{"line":43,"column":12},"end":{"line":46,"column":14}},"12":{"start":{"line":47,"column":12},"end":{"line":47,"column":18}},"13":{"start":{"line":50,"column":12},"end":{"line":51,"column":33}},"14":{"start":{"line":52,"column":12},"end":{"line":52,"column":18}},"15":{"start":{"line":55,"column":8},"end":{"line":55,"column":35}},"16":{"start":{"line":61,"column":4},"end":{"line":63,"column":9}},"17":{"start":{"line":62,"column":8},"end":{"line":62,"column":15}},"18":{"start":{"line":64,"column":4},"end":{"line":77,"column":5}},"19":{"start":{"line":70,"column":8},"end":{"line":70,"column":14}},"20":{"start":{"line":76,"column":8},"end":{"line":76,"column":14}},"21":{"start":{"line":82,"column":4},"end":{"line":84,"column":9}},"22":{"start":{"line":83,"column":8},"end":{"line":83,"column":15}},"23":{"start":{"line":85,"column":4},"end":{"line":194,"column":5}},"24":{"start":{"line":91,"column":8},"end":{"line":99,"column":10}},"25":{"start":{"line":98,"column":12},"end":{"line":98,"column":35}},"26":{"start":{"line":102,"column":8},"end":{"line":104,"column":63}},"27":{"start":{"line":105,"column":8},"end":{"line":105,"column":14}},"28":{"start":{"line":112,"column":8},"end":{"line":121,"column":10},"skip":true},"29":{"start":{"line":119,"column":12},"end":{"line":119,"column":55},"skip":true},"30":{"start":{"line":120,"column":12},"end":{"line":120,"column":48},"skip":true},"31":{"start":{"line":123,"column":8},"end":{"line":136,"column":10},"skip":true},"32":{"start":{"line":130,"column":12},"end":{"line":130,"column":76},"skip":true},"33":{"start":{"line":131,"column":12},"end":{"line":131,"column":73},"skip":true},"34":{"start":{"line":132,"column":12},"end":{"line":132,"column":74},"skip":true},"35":{"start":{"line":133,"column":12},"end":{"line":133,"column":79},"skip":true},"36":{"start":{"line":134,"column":12},"end":{"line":134,"column":25},"skip":true},"37":{"start":{"line":135,"column":12},"end":{"line":135,"column":45},"skip":true},"38":{"start":{"line":138,"column":8},"end":{"line":145,"column":14},"skip":true},"39":{"start":{"line":143,"column":16},"end":{"line":143,"column":29},"skip":true},"40":{"start":{"line":144,"column":16},"end":{"line":144,"column":55},"skip":true},"41":{"start":{"line":147,"column":8},"end":{"line":156,"column":10},"skip":true},"42":{"start":{"line":154,"column":12},"end":{"line":154,"column":25},"skip":true},"43":{"start":{"line":155,"column":12},"end":{"line":155,"column":45},"skip":true},"44":{"start":{"line":158,"column":8},"end":{"line":167,"column":10},"skip":true},"45":{"start":{"line":165,"column":12},"end":{"line":165,"column":25},"skip":true},"46":{"start":{"line":166,"column":12},"end":{"line":166,"column":48},"skip":true},"47":{"start":{"line":169,"column":8},"end":{"line":178,"column":10},"skip":true},"48":{"start":{"line":176,"column":12},"end":{"line":176,"column":25},"skip":true},"49":{"start":{"line":177,"column":12},"end":{"line":177,"column":46},"skip":true},"50":{"start":{"line":180,"column":8},"end":{"line":189,"column":10},"skip":true},"51":{"start":{"line":187,"column":12},"end":{"line":187,"column":94},"skip":true},"52":{"start":{"line":188,"column":12},"end":{"line":188,"column":48},"skip":true},"53":{"start":{"line":192,"column":8},"end":{"line":192,"column":35},"skip":true},"54":{"start":{"line":193,"column":8},"end":{"line":193,"column":14},"skip":true}},"branchMap":{"1":{"line":25,"type":"binary-expr","locations":[{"start":{"line":25,"column":23},"end":{"line":25,"column":62}},{"start":{"line":26,"column":20},"end":{"line":26,"column":70}},{"start":{"line":27,"column":20},"end":{"line":27,"column":71}},{"start":{"line":28,"column":20},"end":{"line":28,"column":29}}]},"2":{"line":30,"type":"binary-expr","locations":[{"start":{"line":30,"column":23},"end":{"line":30,"column":37}},{"start":{"line":31,"column":20},"end":{"line":31,"column":61}},{"start":{"line":32,"column":20},"end":{"line":32,"column":70}},{"start":{"line":33,"column":20},"end":{"line":33,"column":26}}]},"3":{"line":37,"type":"cond-expr","locations":[{"start":{"line":38,"column":14},"end":{"line":38,"column":20}},{"start":{"line":39,"column":14},"end":{"line":39,"column":20}}]},"4":{"line":40,"type":"switch","locations":[{"start":{"line":42,"column":8},"end":{"line":47,"column":18}},{"start":{"line":49,"column":8},"end":{"line":52,"column":18}}]},"5":{"line":44,"type":"binary-expr","locations":[{"start":{"line":44,"column":16},"end":{"line":44,"column":44}},{"start":{"line":44,"column":48},"end":{"line":44,"column":66}}]},"6":{"line":50,"type":"binary-expr","locations":[{"start":{"line":50,"column":21},"end":{"line":50,"column":49}},{"start":{"line":50,"column":53},"end":{"line":50,"column":72}}]},"7":{"line":64,"type":"switch","locations":[{"start":{"line":69,"column":4},"end":{"line":70,"column":14}},{"start":{"line":75,"column":4},"end":{"line":76,"column":14}}]},"8":{"line":85,"type":"switch","locations":[{"start":{"line":90,"column":4},"end":{"line":105,"column":14}},{"start":{"line":111,"column":4},"end":{"line":193,"column":14},"skip":true}]},"9":{"line":91,"type":"binary-expr","locations":[{"start":{"line":91,"column":42},"end":{"line":91,"column":73}},{"start":{"line":91,"column":77},"end":{"line":99,"column":9}}]},"10":{"line":102,"type":"binary-expr","locations":[{"start":{"line":102,"column":18},"end":{"line":102,"column":32}},{"start":{"line":103,"column":12},"end":{"line":103,"column":53}},{"start":{"line":104,"column":12},"end":{"line":104,"column":61}}]},"11":{"line":112,"type":"binary-expr","locations":[{"start":{"line":112,"column":45},"end":{"line":112,"column":79},"skip":true},{"start":{"line":112,"column":83},"end":{"line":121,"column":9},"skip":true}]},"12":{"line":123,"type":"binary-expr","locations":[{"start":{"line":123,"column":42},"end":{"line":123,"column":73},"skip":true},{"start":{"line":123,"column":77},"end":{"line":136,"column":9},"skip":true}]},"13":{"line":138,"type":"binary-expr","locations":[{"start":{"line":138,"column":48},"end":{"line":138,"column":85},"skip":true},{"start":{"line":139,"column":12},"end":{"line":145,"column":13},"skip":true}]},"14":{"line":147,"type":"binary-expr","locations":[{"start":{"line":147,"column":42},"end":{"line":147,"column":73},"skip":true},{"start":{"line":147,"column":77},"end":{"line":156,"column":9},"skip":true}]},"15":{"line":158,"type":"binary-expr","locations":[{"start":{"line":158,"column":45},"end":{"line":158,"column":79},"skip":true},{"start":{"line":158,"column":83},"end":{"line":167,"column":9},"skip":true}]},"16":{"line":169,"type":"binary-expr","locations":[{"start":{"line":169,"column":43},"end":{"line":169,"column":75},"skip":true},{"start":{"line":169,"column":79},"end":{"line":178,"column":9},"skip":true}]},"17":{"line":180,"type":"binary-expr","locations":[{"start":{"line":180,"column":41},"end":{"line":180,"column":71},"skip":true},{"start":{"line":180,"column":75},"end":{"line":189,"column":9},"skip":true}]}},"code":["/* istanbul instrument in package npmtest_gulp_sprite_generator */","/*jslint","    bitwise: true,","    browser: true,","    maxerr: 8,","    maxlen: 96,","    node: true,","    nomen: true,","    regexp: true,","    stupid: true","*/","(function () {","    'use strict';","    var local;","","","","    // run shared js-env code - init-before","    (function () {","        // init local","        local = {};","        // init modeJs","        local.modeJs = (function () {","            try {","                return typeof navigator.userAgent === 'string' &&","                    typeof document.querySelector('body') === 'object' &&","                    typeof XMLHttpRequest.prototype.open === 'function' &&","                    'browser';","            } catch (errorCaughtBrowser) {","                return module.exports &&","                    typeof process.versions.node === 'string' &&","                    typeof require('http').createServer === 'function' &&","                    'node';","            }","        }());","        // init global","        local.global = local.modeJs === 'browser'","            ? window","            : global;","        switch (local.modeJs) {","        // re-init local from window.local","        case 'browser':","            local = local.global.utility2.objectSetDefault(","                local.global.utility2_rollup || local.global.local,","                local.global.utility2","            );","            break;","        // re-init local from example.js","        case 'node':","            local = (local.global.utility2_rollup || require('utility2'))","                .requireReadme();","            break;","        }","        // export local","        local.global.local = local;","    }());","","","","    // run shared js-env code - function","    (function () {","        return;","    }());","    switch (local.modeJs) {","","","","    // run browser js-env code - function","    case 'browser':","        break;","","","","    // run node js-env code - function","    case 'node':","        break;","    }","","","","    // run shared js-env code - init-after","    (function () {","        return;","    }());","    switch (local.modeJs) {","","","","    // run browser js-env code - init-after","    case 'browser':","        local.testCase_browser_nullCase = local.testCase_browser_nullCase || function (","            options,","            onError","        ) {","        /*","         * this function will test browsers's null-case handling-behavior-behavior","         */","            onError(null, options);","        };","","        // run tests","        local.nop(local.modeTest &&","            document.querySelector('#testRunButton1') &&","            document.querySelector('#testRunButton1').click());","        break;","","","","    // run node js-env code - init-after","    /* istanbul ignore next */","    case 'node':","        local.testCase_buildApidoc_default = local.testCase_buildApidoc_default || function (","            options,","            onError","        ) {","        /*","         * this function will test buildApidoc's default handling-behavior-behavior","         */","            options = { modulePathList: module.paths };","            local.buildApidoc(options, onError);","        };","","        local.testCase_buildApp_default = local.testCase_buildApp_default || function (","            options,","            onError","        ) {","        /*","         * this function will test buildApp's default handling-behavior-behavior","         */","            local.testCase_buildReadme_default(options, local.onErrorThrow);","            local.testCase_buildLib_default(options, local.onErrorThrow);","            local.testCase_buildTest_default(options, local.onErrorThrow);","            local.testCase_buildCustomOrg_default(options, local.onErrorThrow);","            options = [];","            local.buildApp(options, onError);","        };","","        local.testCase_buildCustomOrg_default = local.testCase_buildCustomOrg_default ||","            function (options, onError) {","            /*","             * this function will test buildCustomOrg's default handling-behavior","             */","                options = {};","                local.buildCustomOrg(options, onError);","            };","","        local.testCase_buildLib_default = local.testCase_buildLib_default || function (","            options,","            onError","        ) {","        /*","         * this function will test buildLib's default handling-behavior","         */","            options = {};","            local.buildLib(options, onError);","        };","","        local.testCase_buildReadme_default = local.testCase_buildReadme_default || function (","            options,","            onError","        ) {","        /*","         * this function will test buildReadme's default handling-behavior-behavior","         */","            options = {};","            local.buildReadme(options, onError);","        };","","        local.testCase_buildTest_default = local.testCase_buildTest_default || function (","            options,","            onError","        ) {","        /*","         * this function will test buildTest's default handling-behavior","         */","            options = {};","            local.buildTest(options, onError);","        };","","        local.testCase_webpage_default = local.testCase_webpage_default || function (","            options,","            onError","        ) {","        /*","         * this function will test webpage's default handling-behavior","         */","            options = { modeCoverageMerge: true, url: local.serverLocalHost + '?modeTest=1' };","            local.browserTest(options, onError);","        };","","        // run test-server","        local.testRunServer(local);","        break;","    }","}());",""],"l":{"12":2,"14":2,"19":2,"21":2,"23":2,"24":2,"25":2,"30":1,"37":2,"40":2,"43":1,"47":1,"50":1,"52":1,"55":2,"61":2,"62":2,"64":2,"70":1,"76":1,"82":2,"83":2,"85":2,"91":1,"98":1,"102":1,"105":1,"112":1,"119":1,"120":1,"123":1,"130":1,"131":1,"132":1,"133":1,"134":1,"135":1,"138":1,"143":2,"144":2,"147":1,"154":2,"155":2,"158":1,"165":2,"166":2,"169":1,"176":2,"177":2,"180":1,"187":1,"188":1,"192":1,"193":1}},"/home/travis/build/npmtest/node-npmtest-gulp-sprite-generator/lib.npmtest_gulp_sprite_generator.js":{"path":"/home/travis/build/npmtest/node-npmtest-gulp-sprite-generator/lib.npmtest_gulp_sprite_generator.js","s":{"1":2,"2":2,"3":2,"4":2,"5":2,"6":2,"7":2,"8":1,"9":2,"10":2,"11":2,"12":2,"13":1,"14":1,"15":1,"16":1},"b":{"1":[2,1,1,1],"2":[1,1,1,1],"3":[1,1],"4":[2,2],"5":[1,1]},"f":{"1":2,"2":2,"3":2},"fnMap":{"1":{"name":"(anonymous_1)","line":12,"loc":{"start":{"line":12,"column":1},"end":{"line":12,"column":13}}},"2":{"name":"(anonymous_2)","line":19,"loc":{"start":{"line":19,"column":5},"end":{"line":19,"column":17}}},"3":{"name":"(anonymous_3)","line":23,"loc":{"start":{"line":23,"column":24},"end":{"line":23,"column":36}}}},"statementMap":{"1":{"start":{"line":12,"column":0},"end":{"line":53,"column":5}},"2":{"start":{"line":14,"column":4},"end":{"line":14,"column":14}},"3":{"start":{"line":19,"column":4},"end":{"line":52,"column":9}},"4":{"start":{"line":21,"column":8},"end":{"line":21,"column":19}},"5":{"start":{"line":23,"column":8},"end":{"line":35,"column":13}},"6":{"start":{"line":24,"column":12},"end":{"line":34,"column":13}},"7":{"start":{"line":25,"column":16},"end":{"line":28,"column":30}},"8":{"start":{"line":30,"column":16},"end":{"line":33,"column":27}},"9":{"start":{"line":37,"column":8},"end":{"line":39,"column":21}},"10":{"start":{"line":41,"column":8},"end":{"line":41,"column":54}},"11":{"start":{"line":43,"column":8},"end":{"line":43,"column":66}},"12":{"start":{"line":45,"column":8},"end":{"line":51,"column":9}},"13":{"start":{"line":46,"column":12},"end":{"line":46,"column":72}},"14":{"start":{"line":48,"column":12},"end":{"line":48,"column":35}},"15":{"start":{"line":49,"column":12},"end":{"line":49,"column":49}},"16":{"start":{"line":50,"column":12},"end":{"line":50,"column":43}}},"branchMap":{"1":{"line":25,"type":"binary-expr","locations":[{"start":{"line":25,"column":23},"end":{"line":25,"column":62}},{"start":{"line":26,"column":20},"end":{"line":26,"column":70}},{"start":{"line":27,"column":20},"end":{"line":27,"column":71}},{"start":{"line":28,"column":20},"end":{"line":28,"column":29}}]},"2":{"line":30,"type":"binary-expr","locations":[{"start":{"line":30,"column":23},"end":{"line":30,"column":37}},{"start":{"line":31,"column":20},"end":{"line":31,"column":61}},{"start":{"line":32,"column":20},"end":{"line":32,"column":70}},{"start":{"line":33,"column":20},"end":{"line":33,"column":26}}]},"3":{"line":37,"type":"cond-expr","locations":[{"start":{"line":38,"column":14},"end":{"line":38,"column":20}},{"start":{"line":39,"column":14},"end":{"line":39,"column":20}}]},"4":{"line":41,"type":"binary-expr","locations":[{"start":{"line":41,"column":16},"end":{"line":41,"column":44}},{"start":{"line":41,"column":48},"end":{"line":41,"column":53}}]},"5":{"line":45,"type":"if","locations":[{"start":{"line":45,"column":8},"end":{"line":45,"column":8}},{"start":{"line":45,"column":8},"end":{"line":45,"column":8}}]}},"code":["/* istanbul instrument in package npmtest_gulp_sprite_generator */","/*jslint","    bitwise: true,","    browser: true,","    maxerr: 8,","    maxlen: 96,","    node: true,","    nomen: true,","    regexp: true,","    stupid: true","*/","(function () {","    'use strict';","    var local;","","","","    // run shared js-env code - init-before","    (function () {","        // init local","        local = {};","        // init modeJs","        local.modeJs = (function () {","            try {","                return typeof navigator.userAgent === 'string' &&","                    typeof document.querySelector('body') === 'object' &&","                    typeof XMLHttpRequest.prototype.open === 'function' &&","                    'browser';","            } catch (errorCaughtBrowser) {","                return module.exports &&","                    typeof process.versions.node === 'string' &&","                    typeof require('http').createServer === 'function' &&","                    'node';","            }","        }());","        // init global","        local.global = local.modeJs === 'browser'","            ? window","            : global;","        // init utility2_rollup","        local = local.global.utility2_rollup || local;","        // init lib","        local.local = local.npmtest_gulp_sprite_generator = local;","        // init exports","        if (local.modeJs === 'browser') {","            local.global.utility2_npmtest_gulp_sprite_generator = local;","        } else {","            module.exports = local;","            module.exports.__dirname = __dirname;","            module.exports.module = module;","        }","    }());","}());",""],"l":{"12":2,"14":2,"19":2,"21":2,"23":2,"24":2,"25":2,"30":1,"37":2,"41":2,"43":2,"45":2,"46":1,"48":1,"49":1,"50":1}},"/home/travis/build/npmtest/node-npmtest-gulp-sprite-generator/example.js":{"path":"/home/travis/build/npmtest/node-npmtest-gulp-sprite-generator/example.js","s":{"1":2,"2":2,"3":2,"4":2,"5":2,"6":2,"7":2,"8":1,"9":2,"10":2,"11":2,"12":2,"13":1,"14":2,"15":2,"16":2,"17":2,"18":2,"19":0,"20":2,"21":1,"22":1,"23":1,"24":1,"25":1,"26":0,"27":0,"28":1,"29":1,"30":2,"31":0,"32":0,"33":0,"34":1,"35":2,"36":2,"37":3,"38":3,"39":3,"40":3,"41":0,"42":3,"43":3,"44":3,"45":1,"46":3,"47":1,"48":1,"49":1,"50":1,"51":1,"52":1,"53":1,"54":1,"55":1,"56":1,"57":0,"58":1,"59":6,"60":6,"61":1,"62":2,"63":0,"64":2,"65":1,"66":1,"67":0,"68":0,"69":0,"70":0,"71":0,"72":0,"73":0,"74":0,"75":0,"76":0,"77":0,"78":0,"79":0,"80":0,"81":0,"82":0,"83":0},"b":{"1":[2,1,1,1],"2":[1,1,1,1],"3":[1,1],"4":[2,2],"5":[1,1],"6":[1,1],"7":[2,0],"8":[2,1,1,1,1,1],"9":[0,2,0],"10":[1,1],"11":[2,1,1],"12":[1,0],"13":[0,2],"14":[2,0,0,0,0,0,0],"15":[0,3],"16":[3,0],"17":[1,1],"18":[0,1],"19":[1,2,0,2],"20":[1,0],"21":[1,1],"22":[0,0],"23":[0,0],"24":[0,0],"25":[0,0],"26":[0,0],"27":[0,0],"28":[0,0]},"f":{"1":2,"2":2,"3":2,"4":2,"5":2,"6":2,"7":3,"8":3,"9":3,"10":1,"11":6,"12":0},"fnMap":{"1":{"name":"(anonymous_1)","line":26,"loc":{"start":{"line":26,"column":1},"end":{"line":26,"column":13}}},"2":{"name":"(anonymous_2)","line":33,"loc":{"start":{"line":33,"column":5},"end":{"line":33,"column":17}}},"3":{"name":"(anonymous_3)","line":37,"loc":{"start":{"line":37,"column":24},"end":{"line":37,"column":36}}},"4":{"name":"(anonymous_4)","line":69,"loc":{"start":{"line":69,"column":31},"end":{"line":69,"column":48}},"skip":true},"5":{"name":"(anonymous_5)","line":78,"loc":{"start":{"line":78,"column":26},"end":{"line":78,"column":45}},"skip":true},"6":{"name":"(anonymous_6)","line":123,"loc":{"start":{"line":123,"column":33},"end":{"line":123,"column":48}},"skip":true},"7":{"name":"(anonymous_7)","line":125,"loc":{"start":{"line":125,"column":27},"end":{"line":125,"column":39}},"skip":true},"8":{"name":"(anonymous_8)","line":133,"loc":{"start":{"line":133,"column":59},"end":{"line":133,"column":74}},"skip":true},"9":{"name":"(anonymous_9)","line":143,"loc":{"start":{"line":143,"column":45},"end":{"line":143,"column":62}},"skip":true},"10":{"name":"(anonymous_10)","line":144,"loc":{"start":{"line":144,"column":73},"end":{"line":144,"column":92}},"skip":true},"11":{"name":"(anonymous_11)","line":272,"loc":{"start":{"line":272,"column":51},"end":{"line":272,"column":77}},"skip":true},"12":{"name":"(anonymous_12)","line":315,"loc":{"start":{"line":315,"column":32},"end":{"line":315,"column":61}},"skip":true}},"statementMap":{"1":{"start":{"line":26,"column":0},"end":{"line":326,"column":5}},"2":{"start":{"line":28,"column":4},"end":{"line":28,"column":14}},"3":{"start":{"line":33,"column":4},"end":{"line":60,"column":9}},"4":{"start":{"line":35,"column":8},"end":{"line":35,"column":19}},"5":{"start":{"line":37,"column":8},"end":{"line":49,"column":13}},"6":{"start":{"line":38,"column":12},"end":{"line":48,"column":13}},"7":{"start":{"line":39,"column":16},"end":{"line":42,"column":30}},"8":{"start":{"line":44,"column":16},"end":{"line":47,"column":27}},"9":{"start":{"line":51,"column":8},"end":{"line":53,"column":21}},"10":{"start":{"line":55,"column":8},"end":{"line":57,"column":45}},"11":{"start":{"line":59,"column":8},"end":{"line":59,"column":35}},"12":{"start":{"line":61,"column":4},"end":{"line":325,"column":5}},"13":{"start":{"line":69,"column":8},"end":{"line":121,"column":10},"skip":true},"14":{"start":{"line":70,"column":12},"end":{"line":88,"column":13},"skip":true},"15":{"start":{"line":76,"column":16},"end":{"line":87,"column":19},"skip":true},"16":{"start":{"line":79,"column":20},"end":{"line":86,"column":21},"skip":true},"17":{"start":{"line":82,"column":24},"end":{"line":82,"column":43},"skip":true},"18":{"start":{"line":83,"column":24},"end":{"line":83,"column":30},"skip":true},"19":{"start":{"line":85,"column":24},"end":{"line":85,"column":49},"skip":true},"20":{"start":{"line":89,"column":12},"end":{"line":107,"column":13},"skip":true},"21":{"start":{"line":92,"column":16},"end":{"line":102,"column":17},"skip":true},"22":{"start":{"line":93,"column":20},"end":{"line":93,"column":86},"skip":true},"23":{"start":{"line":94,"column":20},"end":{"line":95,"column":45},"skip":true},"24":{"start":{"line":96,"column":20},"end":{"line":96,"column":42},"skip":true},"25":{"start":{"line":97,"column":20},"end":{"line":97,"column":48},"skip":true},"26":{"start":{"line":100,"column":20},"end":{"line":100,"column":85},"skip":true},"27":{"start":{"line":101,"column":20},"end":{"line":101,"column":96},"skip":true},"28":{"start":{"line":103,"column":16},"end":{"line":103,"column":22},"skip":true},"29":{"start":{"line":106,"column":16},"end":{"line":106,"column":22},"skip":true},"30":{"start":{"line":108,"column":12},"end":{"line":120,"column":13},"skip":true},"31":{"start":{"line":114,"column":16},"end":{"line":119,"column":17},"skip":true},"32":{"start":{"line":116,"column":20},"end":{"line":116,"column":78},"skip":true},"33":{"start":{"line":118,"column":20},"end":{"line":118,"column":47},"skip":true},"34":{"start":{"line":123,"column":8},"end":{"line":141,"column":11},"skip":true},"35":{"start":{"line":124,"column":12},"end":{"line":124,"column":54},"skip":true},"36":{"start":{"line":125,"column":12},"end":{"line":140,"column":14},"skip":true},"37":{"start":{"line":126,"column":16},"end":{"line":126,"column":28},"skip":true},"38":{"start":{"line":127,"column":16},"end":{"line":127,"column":69},"skip":true},"39":{"start":{"line":128,"column":16},"end":{"line":128,"column":75},"skip":true},"40":{"start":{"line":129,"column":16},"end":{"line":131,"column":17},"skip":true},"41":{"start":{"line":130,"column":20},"end":{"line":130,"column":27},"skip":true},"42":{"start":{"line":133,"column":16},"end":{"line":137,"column":36},"skip":true},"43":{"start":{"line":134,"column":20},"end":{"line":136,"column":55},"skip":true},"44":{"start":{"line":139,"column":16},"end":{"line":139,"column":57},"skip":true},"45":{"start":{"line":143,"column":8},"end":{"line":147,"column":11},"skip":true},"46":{"start":{"line":144,"column":12},"end":{"line":146,"column":15},"skip":true},"47":{"start":{"line":145,"column":16},"end":{"line":145,"column":70},"skip":true},"48":{"start":{"line":149,"column":8},"end":{"line":149,"column":31},"skip":true},"49":{"start":{"line":150,"column":8},"end":{"line":150,"column":14},"skip":true},"50":{"start":{"line":158,"column":8},"end":{"line":158,"column":31},"skip":true},"51":{"start":{"line":160,"column":8},"end":{"line":160,"column":33},"skip":true},"52":{"start":{"line":161,"column":8},"end":{"line":161,"column":37},"skip":true},"53":{"start":{"line":162,"column":8},"end":{"line":162,"column":35},"skip":true},"54":{"start":{"line":164,"column":8},"end":{"line":164,"column":50},"skip":true},"55":{"start":{"line":166,"column":8},"end":{"line":256,"column":2},"skip":true},"56":{"start":{"line":258,"column":8},"end":{"line":286,"column":9},"skip":true},"57":{"start":{"line":259,"column":12},"end":{"line":269,"column":14},"skip":true},"58":{"start":{"line":271,"column":12},"end":{"line":285,"column":19},"skip":true},"59":{"start":{"line":274,"column":20},"end":{"line":274,"column":35},"skip":true},"60":{"start":{"line":275,"column":20},"end":{"line":284,"column":21},"skip":true},"61":{"start":{"line":277,"column":24},"end":{"line":277,"column":64},"skip":true},"62":{"start":{"line":279,"column":24},"end":{"line":279,"column":40},"skip":true},"63":{"start":{"line":281,"column":24},"end":{"line":281,"column":40},"skip":true},"64":{"start":{"line":283,"column":24},"end":{"line":283,"column":39},"skip":true},"65":{"start":{"line":288,"column":8},"end":{"line":290,"column":9},"skip":true},"66":{"start":{"line":289,"column":12},"end":{"line":289,"column":18},"skip":true},"67":{"start":{"line":291,"column":8},"end":{"line":293,"column":54},"skip":true},"68":{"start":{"line":296,"column":8},"end":{"line":301,"column":37},"skip":true},"69":{"start":{"line":303,"column":8},"end":{"line":303,"column":82},"skip":true},"70":{"start":{"line":306,"column":8},"end":{"line":308,"column":9},"skip":true},"71":{"start":{"line":307,"column":12},"end":{"line":307,"column":82},"skip":true},"72":{"start":{"line":310,"column":8},"end":{"line":312,"column":9},"skip":true},"73":{"start":{"line":311,"column":12},"end":{"line":311,"column":18},"skip":true},"74":{"start":{"line":313,"column":8},"end":{"line":313,"column":54},"skip":true},"75":{"start":{"line":314,"column":8},"end":{"line":314,"column":69},"skip":true},"76":{"start":{"line":315,"column":8},"end":{"line":323,"column":36},"skip":true},"77":{"start":{"line":316,"column":12},"end":{"line":316,"column":61},"skip":true},"78":{"start":{"line":317,"column":12},"end":{"line":320,"column":13},"skip":true},"79":{"start":{"line":318,"column":16},"end":{"line":318,"column":75},"skip":true},"80":{"start":{"line":319,"column":16},"end":{"line":319,"column":23},"skip":true},"81":{"start":{"line":321,"column":12},"end":{"line":321,"column":38},"skip":true},"82":{"start":{"line":322,"column":12},"end":{"line":322,"column":27},"skip":true},"83":{"start":{"line":324,"column":8},"end":{"line":324,"column":14},"skip":true}},"branchMap":{"1":{"line":39,"type":"binary-expr","locations":[{"start":{"line":39,"column":23},"end":{"line":39,"column":62}},{"start":{"line":40,"column":20},"end":{"line":40,"column":70}},{"start":{"line":41,"column":20},"end":{"line":41,"column":71}},{"start":{"line":42,"column":20},"end":{"line":42,"column":29}}]},"2":{"line":44,"type":"binary-expr","locations":[{"start":{"line":44,"column":23},"end":{"line":44,"column":37}},{"start":{"line":45,"column":20},"end":{"line":45,"column":61}},{"start":{"line":46,"column":20},"end":{"line":46,"column":70}},{"start":{"line":47,"column":20},"end":{"line":47,"column":26}}]},"3":{"line":51,"type":"cond-expr","locations":[{"start":{"line":52,"column":14},"end":{"line":52,"column":20}},{"start":{"line":53,"column":14},"end":{"line":53,"column":20}}]},"4":{"line":55,"type":"binary-expr","locations":[{"start":{"line":55,"column":16},"end":{"line":55,"column":44}},{"start":{"line":55,"column":49},"end":{"line":57,"column":43}}]},"5":{"line":55,"type":"cond-expr","locations":[{"start":{"line":56,"column":14},"end":{"line":56,"column":65}},{"start":{"line":57,"column":14},"end":{"line":57,"column":43}}]},"6":{"line":61,"type":"switch","locations":[{"start":{"line":68,"column":4},"end":{"line":150,"column":14},"skip":true},{"start":{"line":156,"column":4},"end":{"line":324,"column":14},"skip":true}]},"7":{"line":70,"type":"if","locations":[{"start":{"line":70,"column":12},"end":{"line":70,"column":12},"skip":true},{"start":{"line":70,"column":12},"end":{"line":70,"column":12},"skip":true}]},"8":{"line":70,"type":"binary-expr","locations":[{"start":{"line":70,"column":16},"end":{"line":70,"column":22},"skip":true},{"start":{"line":70,"column":27},"end":{"line":70,"column":32},"skip":true},{"start":{"line":71,"column":20},"end":{"line":71,"column":39},"skip":true},{"start":{"line":72,"column":20},"end":{"line":72,"column":49},"skip":true},{"start":{"line":73,"column":20},"end":{"line":73,"column":58},"skip":true},{"start":{"line":74,"column":20},"end":{"line":74,"column":69},"skip":true}]},"9":{"line":79,"type":"switch","locations":[{"start":{"line":80,"column":20},"end":{"line":80,"column":33},"skip":true},{"start":{"line":81,"column":20},"end":{"line":83,"column":30},"skip":true},{"start":{"line":84,"column":20},"end":{"line":85,"column":49},"skip":true}]},"10":{"line":89,"type":"switch","locations":[{"start":{"line":90,"column":12},"end":{"line":103,"column":22},"skip":true},{"start":{"line":105,"column":12},"end":{"line":106,"column":22},"skip":true}]},"11":{"line":89,"type":"binary-expr","locations":[{"start":{"line":89,"column":20},"end":{"line":89,"column":25},"skip":true},{"start":{"line":89,"column":29},"end":{"line":89,"column":48},"skip":true},{"start":{"line":89,"column":52},"end":{"line":89,"column":74},"skip":true}]},"12":{"line":92,"type":"if","locations":[{"start":{"line":92,"column":16},"end":{"line":92,"column":16},"skip":true},{"start":{"line":92,"column":16},"end":{"line":92,"column":16},"skip":true}]},"13":{"line":108,"type":"if","locations":[{"start":{"line":108,"column":12},"end":{"line":108,"column":12},"skip":true},{"start":{"line":108,"column":12},"end":{"line":108,"column":12},"skip":true}]},"14":{"line":108,"type":"binary-expr","locations":[{"start":{"line":108,"column":16},"end":{"line":108,"column":61},"skip":true},{"start":{"line":108,"column":66},"end":{"line":108,"column":72},"skip":true},{"start":{"line":108,"column":77},"end":{"line":108,"column":82},"skip":true},{"start":{"line":109,"column":20},"end":{"line":109,"column":39},"skip":true},{"start":{"line":110,"column":20},"end":{"line":110,"column":49},"skip":true},{"start":{"line":111,"column":20},"end":{"line":111,"column":58},"skip":true},{"start":{"line":112,"column":20},"end":{"line":112,"column":68},"skip":true}]},"15":{"line":129,"type":"if","locations":[{"start":{"line":129,"column":16},"end":{"line":129,"column":16},"skip":true},{"start":{"line":129,"column":16},"end":{"line":129,"column":16},"skip":true}]},"16":{"line":134,"type":"cond-expr","locations":[{"start":{"line":135,"column":26},"end":{"line":135,"column":29},"skip":true},{"start":{"line":136,"column":26},"end":{"line":136,"column":54},"skip":true}]},"17":{"line":164,"type":"binary-expr","locations":[{"start":{"line":164,"column":27},"end":{"line":164,"column":43},"skip":true},{"start":{"line":164,"column":47},"end":{"line":164,"column":49},"skip":true}]},"18":{"line":258,"type":"if","locations":[{"start":{"line":258,"column":8},"end":{"line":258,"column":8},"skip":true},{"start":{"line":258,"column":8},"end":{"line":258,"column":8},"skip":true}]},"19":{"line":275,"type":"switch","locations":[{"start":{"line":276,"column":20},"end":{"line":277,"column":64},"skip":true},{"start":{"line":278,"column":20},"end":{"line":279,"column":40},"skip":true},{"start":{"line":280,"column":20},"end":{"line":281,"column":40},"skip":true},{"start":{"line":282,"column":20},"end":{"line":283,"column":39},"skip":true}]},"20":{"line":288,"type":"if","locations":[{"start":{"line":288,"column":8},"end":{"line":288,"column":8},"skip":true},{"start":{"line":288,"column":8},"end":{"line":288,"column":8},"skip":true}]},"21":{"line":288,"type":"binary-expr","locations":[{"start":{"line":288,"column":12},"end":{"line":288,"column":40},"skip":true},{"start":{"line":288,"column":44},"end":{"line":288,"column":67},"skip":true}]},"22":{"line":292,"type":"binary-expr","locations":[{"start":{"line":292,"column":12},"end":{"line":292,"column":50},"skip":true},{"start":{"line":293,"column":12},"end":{"line":293,"column":53},"skip":true}]},"23":{"line":297,"type":"binary-expr","locations":[{"start":{"line":297,"column":12},"end":{"line":297,"column":79},"skip":true},{"start":{"line":298,"column":12},"end":{"line":301,"column":36},"skip":true}]},"24":{"line":303,"type":"binary-expr","locations":[{"start":{"line":303,"column":43},"end":{"line":303,"column":75},"skip":true},{"start":{"line":303,"column":79},"end":{"line":303,"column":81},"skip":true}]},"25":{"line":306,"type":"if","locations":[{"start":{"line":306,"column":8},"end":{"line":306,"column":8},"skip":true},{"start":{"line":306,"column":8},"end":{"line":306,"column":8},"skip":true}]},"26":{"line":310,"type":"if","locations":[{"start":{"line":310,"column":8},"end":{"line":310,"column":8},"skip":true},{"start":{"line":310,"column":8},"end":{"line":310,"column":8},"skip":true}]},"27":{"line":313,"type":"binary-expr","locations":[{"start":{"line":313,"column":27},"end":{"line":313,"column":43},"skip":true},{"start":{"line":313,"column":47},"end":{"line":313,"column":53},"skip":true}]},"28":{"line":317,"type":"if","locations":[{"start":{"line":317,"column":12},"end":{"line":317,"column":12},"skip":true},{"start":{"line":317,"column":12},"end":{"line":317,"column":12},"skip":true}]}},"code":["/*","example.js","","quickstart example","","instruction","    1. save this script as example.js","    2. run the shell command:","        $ npm install npmtest-gulp-sprite-generator && PORT=8081 node example.js","    3. play with the browser-demo on http://127.0.0.1:8081","*/","","","","/* istanbul instrument in package npmtest_gulp_sprite_generator */","/*jslint","    bitwise: true,","    browser: true,","    maxerr: 8,","    maxlen: 96,","    node: true,","    nomen: true,","    regexp: true,","    stupid: true","*/","(function () {","    'use strict';","    var local;","","","","    // run shared js-env code - init-before","    (function () {","        // init local","        local = {};","        // init modeJs","        local.modeJs = (function () {","            try {","                return typeof navigator.userAgent === 'string' &&","                    typeof document.querySelector('body') === 'object' &&","                    typeof XMLHttpRequest.prototype.open === 'function' &&","                    'browser';","            } catch (errorCaughtBrowser) {","                return module.exports &&","                    typeof process.versions.node === 'string' &&","                    typeof require('http').createServer === 'function' &&","                    'node';","            }","        }());","        // init global","        local.global = local.modeJs === 'browser'","            ? window","            : global;","        // init utility2_rollup","        local = local.global.utility2_rollup || (local.modeJs === 'browser'","            ? local.global.utility2_npmtest_gulp_sprite_generator","            : global.utility2_moduleExports);","        // export local","        local.global.local = local;","    }());","    switch (local.modeJs) {","","","","    // init-after","    // run browser js-env code - init-after","    /* istanbul ignore next */","    case 'browser':","        local.testRunBrowser = function (event) {","            if (!event || (event &&","                    event.currentTarget &&","                    event.currentTarget.className &&","                    event.currentTarget.className.includes &&","                    event.currentTarget.className.includes('onreset'))) {","                // reset output","                Array.from(","                    document.querySelectorAll('body > .resettable')","                ).forEach(function (element) {","                    switch (element.tagName) {","                    case 'INPUT':","                    case 'TEXTAREA':","                        element.value = '';","                        break;","                    default:","                        element.textContent = '';","                    }","                });","            }","            switch (event && event.currentTarget && event.currentTarget.id) {","            case 'testRunButton1':","                // show tests","                if (document.querySelector('#testReportDiv1').style.display === 'none') {","                    document.querySelector('#testReportDiv1').style.display = 'block';","                    document.querySelector('#testRunButton1').textContent =","                        'hide internal test';","                    local.modeTest = true;","                    local.testRunDefault(local);","                // hide tests","                } else {","                    document.querySelector('#testReportDiv1').style.display = 'none';","                    document.querySelector('#testRunButton1').textContent = 'run internal test';","                }","                break;","            // custom-case","            default:","                break;","            }","            if (document.querySelector('#inputTextareaEval1') && (!event || (event &&","                    event.currentTarget &&","                    event.currentTarget.className &&","                    event.currentTarget.className.includes &&","                    event.currentTarget.className.includes('oneval')))) {","                // try to eval input-code","                try {","                    /*jslint evil: true*/","                    eval(document.querySelector('#inputTextareaEval1').value);","                } catch (errorCaught) {","                    console.error(errorCaught);","                }","            }","        };","        // log stderr and stdout to #outputTextareaStdout1","        ['error', 'log'].forEach(function (key) {","            console[key + '_original'] = console[key];","            console[key] = function () {","                var element;","                console[key + '_original'].apply(console, arguments);","                element = document.querySelector('#outputTextareaStdout1');","                if (!element) {","                    return;","                }","                // append text to #outputTextareaStdout1","                element.value += Array.from(arguments).map(function (arg) {","                    return typeof arg === 'string'","                        ? arg","                        : JSON.stringify(arg, null, 4);","                }).join(' ') + '\\n';","                // scroll textarea to bottom","                element.scrollTop = element.scrollHeight;","            };","        });","        // init event-handling","        ['change', 'click', 'keyup'].forEach(function (event) {","            Array.from(document.querySelectorAll('.on' + event)).forEach(function (element) {","                element.addEventListener(event, local.testRunBrowser);","            });","        });","        // run tests","        local.testRunBrowser();","        break;","","","","    // run node js-env code - init-after","    /* istanbul ignore next */","    case 'node':","        // export local","        module.exports = local;","        // require modules","        local.fs = require('fs');","        local.http = require('http');","        local.url = require('url');","        // init assets","        local.assetsDict = local.assetsDict || {};","        /* jslint-ignore-begin */","        local.assetsDict['/assets.index.template.html'] = '\\","<!doctype html>\\n\\","<html lang=\"en\">\\n\\","<head>\\n\\","<meta charset=\"UTF-8\">\\n\\","<meta name=\"viewport\" content=\"width=device-width, initial-scale=1\">\\n\\","<title>{{env.npm_package_name}} (v{{env.npm_package_version}})</title>\\n\\","<style>\\n\\","/*csslint\\n\\","    box-sizing: false,\\n\\","    universal-selector: false\\n\\","*/\\n\\","* {\\n\\","    box-sizing: border-box;\\n\\","}\\n\\","body {\\n\\","    background: #dde;\\n\\","    font-family: Arial, Helvetica, sans-serif;\\n\\","    margin: 2rem;\\n\\","}\\n\\","body > * {\\n\\","    margin-bottom: 1rem;\\n\\","}\\n\\",".utility2FooterDiv {\\n\\","    margin-top: 20px;\\n\\","    text-align: center;\\n\\","}\\n\\","</style>\\n\\","<style>\\n\\","/*csslint\\n\\","*/\\n\\","textarea {\\n\\","    font-family: monospace;\\n\\","    height: 10rem;\\n\\","    width: 100%;\\n\\","}\\n\\","textarea[readonly] {\\n\\","    background: #ddd;\\n\\","}\\n\\","</style>\\n\\","</head>\\n\\","<body>\\n\\","<!-- utility2-comment\\n\\","<div id=\"ajaxProgressDiv1\" style=\"background: #d00; height: 2px; left: 0; margin: 0; padding: 0; position: fixed; top: 0; transition: background 0.5s, width 1.5s; width: 25%;\"></div>\\n\\","utility2-comment -->\\n\\","<h1>\\n\\","<!-- utility2-comment\\n\\","    <a\\n\\","        {{#if env.npm_package_homepage}}\\n\\","        href=\"{{env.npm_package_homepage}}\"\\n\\","        {{/if env.npm_package_homepage}}\\n\\","        target=\"_blank\"\\n\\","    >\\n\\","utility2-comment -->\\n\\","        {{env.npm_package_name}} (v{{env.npm_package_version}})\\n\\","<!-- utility2-comment\\n\\","    </a>\\n\\","utility2-comment -->\\n\\","</h1>\\n\\","<h3>{{env.npm_package_description}}</h3>\\n\\","<!-- utility2-comment\\n\\","<h4><a download href=\"assets.app.js\">download standalone app</a></h4>\\n\\","<button class=\"onclick onreset\" id=\"testRunButton1\">run internal test</button><br>\\n\\","<div id=\"testReportDiv1\" style=\"display: none;\"></div>\\n\\","utility2-comment -->\\n\\","\\n\\","\\n\\","\\n\\","<label>stderr and stdout</label>\\n\\","<textarea class=\"resettable\" id=\"outputTextareaStdout1\" readonly></textarea>\\n\\","<!-- utility2-comment\\n\\","{{#if isRollup}}\\n\\","<script src=\"assets.app.js\"></script>\\n\\","{{#unless isRollup}}\\n\\","utility2-comment -->\\n\\","<script src=\"assets.utility2.rollup.js\"></script>\\n\\","<script src=\"jsonp.utility2._stateInit?callback=window.utility2._stateInit\"></script>\\n\\","<script src=\"assets.npmtest_gulp_sprite_generator.rollup.js\"></script>\\n\\","<script src=\"assets.example.js\"></script>\\n\\","<script src=\"assets.test.js\"></script>\\n\\","<!-- utility2-comment\\n\\","{{/if isRollup}}\\n\\","utility2-comment -->\\n\\","<div class=\"utility2FooterDiv\">\\n\\","    [ this app was created with\\n\\","    <a href=\"https://github.com/kaizhu256/node-utility2\" target=\"_blank\">utility2</a>\\n\\","    ]\\n\\","</div>\\n\\","</body>\\n\\","</html>\\n\\","';","        /* jslint-ignore-end */","        if (local.templateRender) {","            local.assetsDict['/'] = local.templateRender(","                local.assetsDict['/assets.index.template.html'],","                {","                    env: local.objectSetDefault(local.env, {","                        npm_package_description: 'the greatest app in the world!',","                        npm_package_name: 'my-app',","                        npm_package_nameAlias: 'my_app',","                        npm_package_version: '0.0.1'","                    })","                }","            );","        } else {","            local.assetsDict['/'] = local.assetsDict['/assets.index.template.html']","                .replace((/\\{\\{env\\.(\\w+?)\\}\\}/g), function (match0, match1) {","                    // jslint-hack","                    String(match0);","                    switch (match1) {","                    case 'npm_package_description':","                        return 'the greatest app in the world!';","                    case 'npm_package_name':","                        return 'my-app';","                    case 'npm_package_nameAlias':","                        return 'my_app';","                    case 'npm_package_version':","                        return '0.0.1';","                    }","                });","        }","        // run the cli","        if (local.global.utility2_rollup || module !== require.main) {","            break;","        }","        local.assetsDict['/assets.example.js'] =","            local.assetsDict['/assets.example.js'] ||","            local.fs.readFileSync(__filename, 'utf8');","        // bug-workaround - long $npm_package_buildCustomOrg","        /* jslint-ignore-begin */","        local.assetsDict['/assets.npmtest_gulp_sprite_generator.rollup.js'] =","            local.assetsDict['/assets.npmtest_gulp_sprite_generator.rollup.js'] ||","            local.fs.readFileSync(","                local.npmtest_gulp_sprite_generator.__dirname + '/lib.npmtest_gulp_sprite_generator.js',","                'utf8'","            ).replace((/^#!/), '//');","        /* jslint-ignore-end */","        local.assetsDict['/favicon.ico'] = local.assetsDict['/favicon.ico'] || '';","        // if $npm_config_timeout_exit exists,","        // then exit this process after $npm_config_timeout_exit ms","        if (Number(process.env.npm_config_timeout_exit)) {","            setTimeout(process.exit, Number(process.env.npm_config_timeout_exit));","        }","        // start server","        if (local.global.utility2_serverHttp1) {","            break;","        }","        process.env.PORT = process.env.PORT || '8081';","        console.error('server starting on port ' + process.env.PORT);","        local.http.createServer(function (request, response) {","            request.urlParsed = local.url.parse(request.url);","            if (local.assetsDict[request.urlParsed.pathname] !== undefined) {","                response.end(local.assetsDict[request.urlParsed.pathname]);","                return;","            }","            response.statusCode = 404;","            response.end();","        }).listen(process.env.PORT);","        break;","    }","}());",""],"l":{"26":2,"28":2,"33":2,"35":2,"37":2,"38":2,"39":2,"44":1,"51":2,"55":2,"59":2,"61":2,"69":1,"70":2,"76":2,"79":2,"82":2,"83":2,"85":1,"89":2,"92":1,"93":1,"94":1,"96":1,"97":1,"100":1,"101":1,"103":1,"106":1,"108":2,"114":1,"116":1,"118":1,"123":1,"124":2,"125":2,"126":3,"127":3,"128":3,"129":3,"130":1,"133":3,"134":3,"139":3,"143":1,"144":3,"145":1,"149":1,"150":1,"158":1,"160":1,"161":1,"162":1,"164":1,"166":1,"258":1,"259":1,"271":1,"274":6,"275":6,"277":1,"279":2,"281":1,"283":2,"288":1,"289":1,"291":1,"296":1,"303":1,"306":1,"307":1,"310":1,"311":1,"313":1,"314":1,"315":1,"316":1,"317":1,"318":1,"319":1,"321":1,"322":1,"324":1}},"/home/travis/build/npmtest/node-npmtest-gulp-sprite-generator/node_modules/gulp-sprite-generator/index.js":{"path":"/home/travis/build/npmtest/node-npmtest-gulp-sprite-generator/node_modules/gulp-sprite-generator/index.js","s":{"1":1,"2":1,"3":0,"4":0,"5":0,"6":0,"7":0,"8":1,"9":1,"10":1,"11":1,"12":1,"13":1,"14":1,"15":1,"16":0,"17":0,"18":0,"19":0,"20":0,"21":0,"22":0,"23":0,"24":0,"25":0,"26":0,"27":0,"28":0,"29":0,"30":0,"31":0,"32":0,"33":0,"34":0,"35":0,"36":0,"37":0,"38":0,"39":0,"40":0,"41":0,"42":0,"43":0,"44":0,"45":0,"46":0,"47":0,"48":0,"49":0,"50":0,"51":0,"52":0,"53":0,"54":0,"55":0,"56":0,"57":0,"58":0,"59":0,"60":0,"61":0,"62":0,"63":0,"64":0,"65":0,"66":0,"67":0,"68":0,"69":0,"70":0,"71":0,"72":1,"73":1,"74":1,"75":0,"76":0,"77":0,"78":0,"79":0,"80":1,"81":0,"82":0,"83":0,"84":0,"85":0,"86":0,"87":0,"88":0,"89":0,"90":0,"91":0,"92":0,"93":0,"94":0,"95":0,"96":0,"97":0,"98":0,"99":0,"100":0,"101":0,"102":0,"103":1,"104":1,"105":1,"106":1,"107":0,"108":0,"109":0,"110":0,"111":0,"112":0,"113":1,"114":1,"115":0,"116":0,"117":0,"118":0,"119":0,"120":0,"121":0,"122":1,"123":0,"124":0,"125":0,"126":0,"127":0,"128":0,"129":0,"130":0,"131":0,"132":1,"133":0,"134":0,"135":0,"136":0,"137":0,"138":1,"139":0,"140":0,"141":0,"142":0,"143":1,"144":0,"145":0,"146":0,"147":0,"148":0,"149":0,"150":0,"151":0,"152":0,"153":0,"154":0,"155":0,"156":0,"157":0,"158":0,"159":0,"160":0,"161":0,"162":0,"163":0,"164":0,"165":0,"166":0,"167":0,"168":1,"169":0,"170":0,"171":0,"172":0,"173":0,"174":0,"175":0,"176":0,"177":0,"178":0,"179":0,"180":0,"181":0,"182":0,"183":0,"184":0,"185":0,"186":0,"187":0,"188":0,"189":0,"190":0,"191":0,"192":0,"193":0,"194":0,"195":0,"196":0,"197":0,"198":0,"199":0,"200":0,"201":0,"202":0,"203":0,"204":0,"205":0,"206":0,"207":0,"208":0,"209":0,"210":0,"211":0,"212":0,"213":0,"214":0,"215":0,"216":0},"b":{"1":[0,0],"2":[0,0],"3":[0,0],"4":[0,0],"5":[0,0],"6":[0,0],"7":[0,0],"8":[0,0],"9":[0,0],"10":[0,0],"11":[0,0],"12":[0,0],"13":[0,0],"14":[0,0],"15":[0,0],"16":[0,0],"17":[0,0],"18":[0,0],"19":[0,0],"20":[0,0],"21":[0,0],"22":[0,0],"23":[0,0],"24":[0,0],"25":[0,0],"26":[0,0,0],"27":[0,0,0],"28":[0,0],"29":[0,0],"30":[0,0],"31":[0,0],"32":[0,0],"33":[0,0],"34":[0,0],"35":[0,0],"36":[0,0]},"f":{"1":0,"2":1,"3":0,"4":0,"5":0,"6":0,"7":0,"8":0,"9":0,"10":0,"11":0,"12":0,"13":0,"14":0,"15":0,"16":0,"17":0,"18":0,"19":0,"20":1,"21":0,"22":0,"23":0,"24":0,"25":0,"26":0,"27":0,"28":0,"29":1,"30":0,"31":0,"32":0,"33":0,"34":1,"35":0,"36":0,"37":0,"38":0,"39":0,"40":0,"41":0,"42":0,"43":0,"44":0,"45":0,"46":0,"47":0,"48":0,"49":0,"50":0,"51":0,"52":0,"53":0,"54":0,"55":0,"56":0,"57":0,"58":0,"59":0,"60":0,"61":0,"62":0,"63":0,"64":0,"65":0},"fnMap":{"1":{"name":"(anonymous_1)","line":17,"loc":{"start":{"line":17,"column":10},"end":{"line":17,"column":21}}},"2":{"name":"(anonymous_2)","line":27,"loc":{"start":{"line":27,"column":17},"end":{"line":27,"column":28}}},"3":{"name":"(anonymous_3)","line":36,"loc":{"start":{"line":36,"column":11},"end":{"line":36,"column":35}}},"4":{"name":"(anonymous_4)","line":48,"loc":{"start":{"line":48,"column":22},"end":{"line":48,"column":33}}},"5":{"name":"(anonymous_5)","line":51,"loc":{"start":{"line":51,"column":19},"end":{"line":51,"column":33}}},"6":{"name":"(anonymous_6)","line":105,"loc":{"start":{"line":105,"column":70},"end":{"line":105,"column":86}}},"7":{"name":"(anonymous_7)","line":118,"loc":{"start":{"line":118,"column":20},"end":{"line":118,"column":36}}},"8":{"name":"(anonymous_8)","line":125,"loc":{"start":{"line":125,"column":18},"end":{"line":125,"column":35}}},"9":{"name":"(anonymous_9)","line":126,"loc":{"start":{"line":126,"column":33},"end":{"line":126,"column":59}}},"10":{"name":"(anonymous_10)","line":130,"loc":{"start":{"line":130,"column":24},"end":{"line":130,"column":55}}},"11":{"name":"(anonymous_11)","line":133,"loc":{"start":{"line":133,"column":32},"end":{"line":133,"column":52}}},"12":{"name":"(anonymous_12)","line":136,"loc":{"start":{"line":136,"column":32},"end":{"line":136,"column":49}}},"13":{"name":"(anonymous_13)","line":141,"loc":{"start":{"line":141,"column":24},"end":{"line":141,"column":46}}},"14":{"name":"(anonymous_14)","line":152,"loc":{"start":{"line":152,"column":18},"end":{"line":152,"column":35}}},"15":{"name":"(anonymous_15)","line":153,"loc":{"start":{"line":153,"column":33},"end":{"line":153,"column":59}}},"16":{"name":"(anonymous_16)","line":157,"loc":{"start":{"line":157,"column":24},"end":{"line":157,"column":56}}},"17":{"name":"(anonymous_17)","line":158,"loc":{"start":{"line":158,"column":46},"end":{"line":158,"column":68}}},"18":{"name":"(anonymous_18)","line":160,"loc":{"start":{"line":160,"column":42},"end":{"line":160,"column":58}}},"19":{"name":"(anonymous_19)","line":170,"loc":{"start":{"line":170,"column":24},"end":{"line":170,"column":46}}},"20":{"name":"(anonymous_20)","line":183,"loc":{"start":{"line":183,"column":27},"end":{"line":183,"column":38}}},"21":{"name":"mask","line":188,"loc":{"start":{"line":188,"column":4},"end":{"line":188,"column":26}}},"22":{"name":"(anonymous_22)","line":194,"loc":{"start":{"line":194,"column":15},"end":{"line":194,"column":31}}},"23":{"name":"(anonymous_23)","line":199,"loc":{"start":{"line":199,"column":11},"end":{"line":199,"column":37}}},"24":{"name":"(anonymous_24)","line":203,"loc":{"start":{"line":203,"column":21},"end":{"line":203,"column":37}}},"25":{"name":"(anonymous_25)","line":211,"loc":{"start":{"line":211,"column":17},"end":{"line":211,"column":39}}},"26":{"name":"(anonymous_26)","line":219,"loc":{"start":{"line":219,"column":36},"end":{"line":219,"column":52}}},"27":{"name":"(anonymous_27)","line":226,"loc":{"start":{"line":226,"column":58},"end":{"line":226,"column":75}}},"28":{"name":"(anonymous_28)","line":239,"loc":{"start":{"line":239,"column":31},"end":{"line":239,"column":49}}},"29":{"name":"(anonymous_29)","line":247,"loc":{"start":{"line":247,"column":26},"end":{"line":247,"column":37}}},"30":{"name":"(anonymous_30)","line":256,"loc":{"start":{"line":256,"column":11},"end":{"line":256,"column":26}}},"31":{"name":"(anonymous_31)","line":259,"loc":{"start":{"line":259,"column":15},"end":{"line":259,"column":33}}},"32":{"name":"(anonymous_32)","line":260,"loc":{"start":{"line":260,"column":28},"end":{"line":260,"column":45}}},"33":{"name":"(anonymous_33)","line":261,"loc":{"start":{"line":261,"column":31},"end":{"line":261,"column":47}}},"34":{"name":"(anonymous_34)","line":271,"loc":{"start":{"line":271,"column":21},"end":{"line":271,"column":32}}},"35":{"name":"makeSpriteSheetPath","line":272,"loc":{"start":{"line":272,"column":4},"end":{"line":272,"column":57}}},"36":{"name":"(anonymous_36)","line":287,"loc":{"start":{"line":287,"column":11},"end":{"line":287,"column":37}}},"37":{"name":"(anonymous_37)","line":288,"loc":{"start":{"line":288,"column":15},"end":{"line":288,"column":33}}},"38":{"name":"(anonymous_38)","line":289,"loc":{"start":{"line":289,"column":34},"end":{"line":289,"column":51}}},"39":{"name":"(anonymous_39)","line":312,"loc":{"start":{"line":312,"column":23},"end":{"line":312,"column":49}}},"40":{"name":"(anonymous_40)","line":313,"loc":{"start":{"line":313,"column":11},"end":{"line":313,"column":29}}},"41":{"name":"(anonymous_41)","line":327,"loc":{"start":{"line":327,"column":27},"end":{"line":327,"column":53}}},"42":{"name":"(anonymous_42)","line":328,"loc":{"start":{"line":328,"column":11},"end":{"line":328,"column":29}}},"43":{"name":"(anonymous_43)","line":329,"loc":{"start":{"line":329,"column":27},"end":{"line":329,"column":44}}},"44":{"name":"(anonymous_44)","line":330,"loc":{"start":{"line":330,"column":45},"end":{"line":330,"column":73}}},"45":{"name":"(anonymous_45)","line":341,"loc":{"start":{"line":341,"column":17},"end":{"line":341,"column":35}}},"46":{"name":"(anonymous_46)","line":374,"loc":{"start":{"line":374,"column":32},"end":{"line":374,"column":51}}},"47":{"name":"(anonymous_47)","line":391,"loc":{"start":{"line":391,"column":27},"end":{"line":391,"column":43}}},"48":{"name":"(anonymous_48)","line":397,"loc":{"start":{"line":397,"column":24},"end":{"line":397,"column":40}}},"49":{"name":"(anonymous_49)","line":400,"loc":{"start":{"line":400,"column":30},"end":{"line":400,"column":47}}},"50":{"name":"(anonymous_50)","line":410,"loc":{"start":{"line":410,"column":32},"end":{"line":410,"column":48}}},"51":{"name":"noop","line":420,"loc":{"start":{"line":420,"column":4},"end":{"line":420,"column":19}}},"52":{"name":"(anonymous_52)","line":428,"loc":{"start":{"line":428,"column":8},"end":{"line":428,"column":34}}},"53":{"name":"(anonymous_53)","line":449,"loc":{"start":{"line":449,"column":26},"end":{"line":449,"column":43}}},"54":{"name":"(anonymous_54)","line":455,"loc":{"start":{"line":455,"column":34},"end":{"line":455,"column":45}}},"55":{"name":"(anonymous_55)","line":460,"loc":{"start":{"line":460,"column":35},"end":{"line":460,"column":49}}},"56":{"name":"(anonymous_56)","line":474,"loc":{"start":{"line":474,"column":8},"end":{"line":474,"column":23}}},"57":{"name":"(anonymous_57)","line":479,"loc":{"start":{"line":479,"column":46},"end":{"line":479,"column":61}}},"58":{"name":"(anonymous_58)","line":482,"loc":{"start":{"line":482,"column":26},"end":{"line":482,"column":41}}},"59":{"name":"(anonymous_59)","line":486,"loc":{"start":{"line":486,"column":36},"end":{"line":486,"column":62}}},"60":{"name":"(anonymous_60)","line":489,"loc":{"start":{"line":489,"column":36},"end":{"line":489,"column":52}}},"61":{"name":"(anonymous_61)","line":494,"loc":{"start":{"line":494,"column":26},"end":{"line":494,"column":43}}},"62":{"name":"(anonymous_62)","line":498,"loc":{"start":{"line":498,"column":34},"end":{"line":498,"column":52}}},"63":{"name":"(anonymous_63)","line":499,"loc":{"start":{"line":499,"column":66},"end":{"line":499,"column":81}}},"64":{"name":"(anonymous_64)","line":505,"loc":{"start":{"line":505,"column":27},"end":{"line":505,"column":41}}},"65":{"name":"(anonymous_65)","line":513,"loc":{"start":{"line":513,"column":25},"end":{"line":513,"column":36}}}},"statementMap":{"1":{"start":{"line":1,"column":0},"end":{"line":15,"column":10}},"2":{"start":{"line":17,"column":0},"end":{"line":25,"column":2}},"3":{"start":{"line":18,"column":4},"end":{"line":18,"column":18}},"4":{"start":{"line":20,"column":4},"end":{"line":20,"column":49}},"5":{"start":{"line":21,"column":4},"end":{"line":21,"column":48}},"6":{"start":{"line":22,"column":4},"end":{"line":22,"column":22}},"7":{"start":{"line":24,"column":4},"end":{"line":24,"column":33}},"8":{"start":{"line":27,"column":0},"end":{"line":181,"column":5}},"9":{"start":{"line":28,"column":4},"end":{"line":28,"column":68}},"10":{"start":{"line":30,"column":4},"end":{"line":30,"column":177}},"11":{"start":{"line":31,"column":4},"end":{"line":31,"column":62}},"12":{"start":{"line":32,"column":4},"end":{"line":32,"column":49}},"13":{"start":{"line":33,"column":4},"end":{"line":33,"column":48}},"14":{"start":{"line":34,"column":4},"end":{"line":34,"column":89}},"15":{"start":{"line":36,"column":4},"end":{"line":180,"column":5}},"16":{"start":{"line":37,"column":8},"end":{"line":40,"column":32}},"17":{"start":{"line":42,"column":8},"end":{"line":42,"column":43}},"18":{"start":{"line":44,"column":8},"end":{"line":44,"column":20}},"19":{"start":{"line":46,"column":8},"end":{"line":46,"column":44}},"20":{"start":{"line":48,"column":8},"end":{"line":54,"column":13}},"21":{"start":{"line":49,"column":12},"end":{"line":49,"column":58}},"22":{"start":{"line":51,"column":12},"end":{"line":53,"column":13}},"23":{"start":{"line":52,"column":16},"end":{"line":52,"column":62}},"24":{"start":{"line":56,"column":8},"end":{"line":110,"column":9}},"25":{"start":{"line":57,"column":12},"end":{"line":57,"column":33}},"26":{"start":{"line":58,"column":12},"end":{"line":58,"column":33}},"27":{"start":{"line":60,"column":12},"end":{"line":67,"column":14}},"28":{"start":{"line":69,"column":12},"end":{"line":72,"column":13}},"29":{"start":{"line":70,"column":16},"end":{"line":70,"column":129}},"30":{"start":{"line":71,"column":16},"end":{"line":71,"column":25}},"31":{"start":{"line":74,"column":12},"end":{"line":77,"column":13}},"32":{"start":{"line":75,"column":16},"end":{"line":75,"column":118}},"33":{"start":{"line":76,"column":16},"end":{"line":76,"column":25}},"34":{"start":{"line":79,"column":12},"end":{"line":86,"column":13}},"35":{"start":{"line":80,"column":16},"end":{"line":85,"column":17}},"36":{"start":{"line":81,"column":20},"end":{"line":81,"column":44}},"37":{"start":{"line":82,"column":20},"end":{"line":82,"column":62}},"38":{"start":{"line":84,"column":20},"end":{"line":84,"column":140}},"39":{"start":{"line":88,"column":12},"end":{"line":91,"column":13}},"40":{"start":{"line":89,"column":16},"end":{"line":89,"column":38}},"41":{"start":{"line":90,"column":16},"end":{"line":90,"column":46}},"42":{"start":{"line":93,"column":12},"end":{"line":93,"column":71}},"43":{"start":{"line":96,"column":12},"end":{"line":100,"column":13}},"44":{"start":{"line":97,"column":16},"end":{"line":97,"column":68}},"45":{"start":{"line":99,"column":16},"end":{"line":99,"column":107}},"46":{"start":{"line":102,"column":12},"end":{"line":102,"column":34}},"47":{"start":{"line":105,"column":12},"end":{"line":107,"column":15}},"48":{"start":{"line":106,"column":16},"end":{"line":106,"column":36}},"49":{"start":{"line":109,"column":12},"end":{"line":109,"column":31}},"50":{"start":{"line":113,"column":8},"end":{"line":113,"column":33}},"51":{"start":{"line":116,"column":8},"end":{"line":121,"column":21}},"52":{"start":{"line":119,"column":16},"end":{"line":119,"column":34}},"53":{"start":{"line":123,"column":8},"end":{"line":179,"column":15}},"54":{"start":{"line":126,"column":16},"end":{"line":149,"column":19}},"55":{"start":{"line":127,"column":20},"end":{"line":148,"column":22}},"56":{"start":{"line":131,"column":28},"end":{"line":139,"column":30}},"57":{"start":{"line":134,"column":36},"end":{"line":134,"column":62}},"58":{"start":{"line":137,"column":36},"end":{"line":137,"column":55}},"59":{"start":{"line":142,"column":28},"end":{"line":144,"column":29}},"60":{"start":{"line":143,"column":32},"end":{"line":143,"column":51}},"61":{"start":{"line":146,"column":28},"end":{"line":146,"column":44}},"62":{"start":{"line":153,"column":16},"end":{"line":178,"column":19}},"63":{"start":{"line":154,"column":20},"end":{"line":177,"column":22}},"64":{"start":{"line":158,"column":28},"end":{"line":168,"column":37}},"65":{"start":{"line":159,"column":32},"end":{"line":167,"column":49}},"66":{"start":{"line":161,"column":40},"end":{"line":163,"column":41}},"67":{"start":{"line":162,"column":44},"end":{"line":162,"column":68}},"68":{"start":{"line":165,"column":40},"end":{"line":165,"column":58}},"69":{"start":{"line":171,"column":28},"end":{"line":173,"column":29}},"70":{"start":{"line":172,"column":32},"end":{"line":172,"column":51}},"71":{"start":{"line":175,"column":28},"end":{"line":175,"column":44}},"72":{"start":{"line":183,"column":0},"end":{"line":245,"column":5}},"73":{"start":{"line":184,"column":4},"end":{"line":185,"column":25}},"74":{"start":{"line":188,"column":4},"end":{"line":197,"column":5}},"75":{"start":{"line":189,"column":8},"end":{"line":189,"column":21}},"76":{"start":{"line":191,"column":8},"end":{"line":191,"column":85}},"77":{"start":{"line":192,"column":8},"end":{"line":192,"column":51}},"78":{"start":{"line":194,"column":8},"end":{"line":196,"column":9}},"79":{"start":{"line":195,"column":12},"end":{"line":195,"column":43}},"80":{"start":{"line":199,"column":4},"end":{"line":244,"column":5}},"81":{"start":{"line":200,"column":8},"end":{"line":200,"column":16}},"82":{"start":{"line":202,"column":8},"end":{"line":236,"column":21}},"83":{"start":{"line":204,"column":16},"end":{"line":204,"column":24}},"84":{"start":{"line":206,"column":16},"end":{"line":206,"column":50}},"85":{"start":{"line":207,"column":16},"end":{"line":207,"column":33}},"86":{"start":{"line":209,"column":16},"end":{"line":209,"column":49}},"87":{"start":{"line":212,"column":16},"end":{"line":212,"column":34}},"88":{"start":{"line":214,"column":16},"end":{"line":216,"column":19}},"89":{"start":{"line":219,"column":16},"end":{"line":224,"column":17}},"90":{"start":{"line":219,"column":53},"end":{"line":219,"column":74}},"91":{"start":{"line":220,"column":20},"end":{"line":220,"column":84}},"92":{"start":{"line":221,"column":20},"end":{"line":223,"column":21}},"93":{"start":{"line":222,"column":24},"end":{"line":222,"column":67}},"94":{"start":{"line":226,"column":16},"end":{"line":234,"column":19}},"95":{"start":{"line":227,"column":20},"end":{"line":227,"column":53}},"96":{"start":{"line":228,"column":20},"end":{"line":228,"column":32}},"97":{"start":{"line":231,"column":20},"end":{"line":231,"column":56}},"98":{"start":{"line":233,"column":20},"end":{"line":233,"column":34}},"99":{"start":{"line":239,"column":8},"end":{"line":243,"column":11}},"100":{"start":{"line":240,"column":12},"end":{"line":240,"column":41}},"101":{"start":{"line":241,"column":12},"end":{"line":241,"column":43}},"102":{"start":{"line":242,"column":12},"end":{"line":242,"column":27}},"103":{"start":{"line":247,"column":0},"end":{"line":269,"column":5}},"104":{"start":{"line":248,"column":4},"end":{"line":248,"column":17}},"105":{"start":{"line":250,"column":4},"end":{"line":254,"column":6}},"106":{"start":{"line":256,"column":4},"end":{"line":268,"column":5}},"107":{"start":{"line":257,"column":8},"end":{"line":257,"column":47}},"108":{"start":{"line":259,"column":8},"end":{"line":267,"column":9}},"109":{"start":{"line":260,"column":12},"end":{"line":264,"column":15}},"110":{"start":{"line":261,"column":16},"end":{"line":263,"column":19}},"111":{"start":{"line":262,"column":20},"end":{"line":262,"column":82}},"112":{"start":{"line":266,"column":12},"end":{"line":266,"column":30}},"113":{"start":{"line":271,"column":0},"end":{"line":310,"column":5}},"114":{"start":{"line":272,"column":4},"end":{"line":285,"column":5}},"115":{"start":{"line":273,"column":8},"end":{"line":273,"column":17}},"116":{"start":{"line":275,"column":8},"end":{"line":275,"column":30}},"117":{"start":{"line":277,"column":8},"end":{"line":279,"column":9}},"118":{"start":{"line":278,"column":12},"end":{"line":278,"column":35}},"119":{"start":{"line":281,"column":8},"end":{"line":281,"column":42}},"120":{"start":{"line":282,"column":8},"end":{"line":282,"column":79}},"121":{"start":{"line":284,"column":8},"end":{"line":284,"column":30}},"122":{"start":{"line":287,"column":4},"end":{"line":309,"column":5}},"123":{"start":{"line":288,"column":8},"end":{"line":308,"column":9}},"124":{"start":{"line":289,"column":12},"end":{"line":305,"column":15}},"125":{"start":{"line":290,"column":16},"end":{"line":290,"column":27}},"126":{"start":{"line":292,"column":16},"end":{"line":292,"column":89}},"127":{"start":{"line":294,"column":16},"end":{"line":297,"column":19}},"128":{"start":{"line":299,"column":16},"end":{"line":299,"column":36}},"129":{"start":{"line":301,"column":16},"end":{"line":301,"column":87}},"130":{"start":{"line":304,"column":16},"end":{"line":304,"column":30}},"131":{"start":{"line":307,"column":12},"end":{"line":307,"column":27}},"132":{"start":{"line":312,"column":0},"end":{"line":325,"column":2}},"133":{"start":{"line":313,"column":4},"end":{"line":324,"column":5}},"134":{"start":{"line":314,"column":8},"end":{"line":314,"column":23}},"135":{"start":{"line":316,"column":8},"end":{"line":319,"column":11}},"136":{"start":{"line":321,"column":8},"end":{"line":321,"column":32}},"137":{"start":{"line":323,"column":8},"end":{"line":323,"column":89}},"138":{"start":{"line":327,"column":0},"end":{"line":339,"column":2}},"139":{"start":{"line":328,"column":4},"end":{"line":338,"column":5}},"140":{"start":{"line":329,"column":8},"end":{"line":337,"column":11}},"141":{"start":{"line":330,"column":12},"end":{"line":336,"column":15}},"142":{"start":{"line":331,"column":16},"end":{"line":335,"column":19}},"143":{"start":{"line":341,"column":0},"end":{"line":529,"column":2}},"144":{"start":{"line":342,"column":4},"end":{"line":342,"column":52}},"145":{"start":{"line":344,"column":4},"end":{"line":347,"column":6}},"146":{"start":{"line":349,"column":4},"end":{"line":371,"column":22}},"147":{"start":{"line":374,"column":4},"end":{"line":378,"column":7}},"148":{"start":{"line":375,"column":8},"end":{"line":377,"column":9}},"149":{"start":{"line":376,"column":12},"end":{"line":376,"column":87}},"150":{"start":{"line":381,"column":4},"end":{"line":383,"column":5}},"151":{"start":{"line":382,"column":8},"end":{"line":382,"column":41}},"152":{"start":{"line":386,"column":4},"end":{"line":388,"column":5}},"153":{"start":{"line":387,"column":8},"end":{"line":387,"column":43}},"154":{"start":{"line":391,"column":4},"end":{"line":394,"column":7}},"155":{"start":{"line":392,"column":8},"end":{"line":392,"column":112}},"156":{"start":{"line":393,"column":8},"end":{"line":393,"column":32}},"157":{"start":{"line":397,"column":4},"end":{"line":406,"column":7}},"158":{"start":{"line":398,"column":8},"end":{"line":398,"column":33}},"159":{"start":{"line":400,"column":8},"end":{"line":403,"column":11}},"160":{"start":{"line":401,"column":12},"end":{"line":401,"column":102}},"161":{"start":{"line":402,"column":12},"end":{"line":402,"column":37}},"162":{"start":{"line":405,"column":8},"end":{"line":405,"column":32}},"163":{"start":{"line":409,"column":4},"end":{"line":417,"column":5}},"164":{"start":{"line":410,"column":8},"end":{"line":416,"column":11}},"165":{"start":{"line":411,"column":12},"end":{"line":413,"column":13}},"166":{"start":{"line":412,"column":16},"end":{"line":412,"column":53}},"167":{"start":{"line":415,"column":12},"end":{"line":415,"column":24}},"168":{"start":{"line":420,"column":4},"end":{"line":420,"column":21}},"169":{"start":{"line":421,"column":4},"end":{"line":421,"column":56}},"170":{"start":{"line":422,"column":4},"end":{"line":422,"column":57}},"171":{"start":{"line":423,"column":4},"end":{"line":423,"column":60}},"172":{"start":{"line":425,"column":4},"end":{"line":425,"column":30}},"173":{"start":{"line":427,"column":4},"end":{"line":523,"column":6}},"174":{"start":{"line":429,"column":12},"end":{"line":432,"column":13}},"175":{"start":{"line":430,"column":16},"end":{"line":430,"column":32}},"176":{"start":{"line":431,"column":16},"end":{"line":431,"column":30}},"177":{"start":{"line":434,"column":12},"end":{"line":437,"column":13}},"178":{"start":{"line":435,"column":16},"end":{"line":435,"column":100}},"179":{"start":{"line":436,"column":16},"end":{"line":436,"column":30}},"180":{"start":{"line":439,"column":12},"end":{"line":471,"column":13}},"181":{"start":{"line":441,"column":16},"end":{"line":446,"column":17}},"182":{"start":{"line":442,"column":20},"end":{"line":442,"column":48}},"183":{"start":{"line":443,"column":20},"end":{"line":443,"column":38}},"184":{"start":{"line":444,"column":20},"end":{"line":444,"column":27}},"185":{"start":{"line":445,"column":20},"end":{"line":445,"column":27}},"186":{"start":{"line":448,"column":16},"end":{"line":464,"column":23}},"187":{"start":{"line":450,"column":24},"end":{"line":463,"column":31}},"188":{"start":{"line":457,"column":32},"end":{"line":457,"column":50}},"189":{"start":{"line":458,"column":32},"end":{"line":458,"column":39}},"190":{"start":{"line":461,"column":32},"end":{"line":461,"column":94}},"191":{"start":{"line":462,"column":32},"end":{"line":462,"column":39}},"192":{"start":{"line":467,"column":16},"end":{"line":467,"column":28}},"193":{"start":{"line":469,"column":16},"end":{"line":469,"column":96}},"194":{"start":{"line":470,"column":16},"end":{"line":470,"column":30}},"195":{"start":{"line":475,"column":12},"end":{"line":475,"column":24}},"196":{"start":{"line":477,"column":12},"end":{"line":511,"column":13}},"197":{"start":{"line":478,"column":16},"end":{"line":508,"column":23}},"198":{"start":{"line":480,"column":24},"end":{"line":480,"column":56}},"199":{"start":{"line":483,"column":24},"end":{"line":483,"column":35}},"200":{"start":{"line":485,"column":24},"end":{"line":492,"column":37}},"201":{"start":{"line":487,"column":32},"end":{"line":487,"column":62}},"202":{"start":{"line":490,"column":32},"end":{"line":490,"column":50}},"203":{"start":{"line":495,"column":24},"end":{"line":503,"column":31}},"204":{"start":{"line":499,"column":32},"end":{"line":502,"column":36}},"205":{"start":{"line":500,"column":36},"end":{"line":501,"column":151}},"206":{"start":{"line":506,"column":24},"end":{"line":506,"column":86}},"207":{"start":{"line":507,"column":24},"end":{"line":507,"column":31}},"208":{"start":{"line":510,"column":16},"end":{"line":510,"column":30}},"209":{"start":{"line":513,"column":12},"end":{"line":521,"column":15}},"210":{"start":{"line":515,"column":16},"end":{"line":515,"column":44}},"211":{"start":{"line":516,"column":16},"end":{"line":516,"column":45}},"212":{"start":{"line":518,"column":16},"end":{"line":518,"column":195}},"213":{"start":{"line":520,"column":16},"end":{"line":520,"column":23}},"214":{"start":{"line":525,"column":4},"end":{"line":525,"column":34}},"215":{"start":{"line":526,"column":4},"end":{"line":526,"column":35}},"216":{"start":{"line":528,"column":4},"end":{"line":528,"column":18}}},"branchMap":{"1":{"line":69,"type":"if","locations":[{"start":{"line":69,"column":12},"end":{"line":69,"column":12}},{"start":{"line":69,"column":12},"end":{"line":69,"column":12}}]},"2":{"line":70,"type":"binary-expr","locations":[{"start":{"line":70,"column":16},"end":{"line":70,"column":31}},{"start":{"line":70,"column":35},"end":{"line":70,"column":128}}]},"3":{"line":74,"type":"if","locations":[{"start":{"line":74,"column":12},"end":{"line":74,"column":12}},{"start":{"line":74,"column":12},"end":{"line":74,"column":12}}]},"4":{"line":75,"type":"binary-expr","locations":[{"start":{"line":75,"column":16},"end":{"line":75,"column":31}},{"start":{"line":75,"column":35},"end":{"line":75,"column":117}}]},"5":{"line":79,"type":"if","locations":[{"start":{"line":79,"column":12},"end":{"line":79,"column":12}},{"start":{"line":79,"column":12},"end":{"line":79,"column":12}}]},"6":{"line":82,"type":"binary-expr","locations":[{"start":{"line":82,"column":20},"end":{"line":82,"column":31}},{"start":{"line":82,"column":36},"end":{"line":82,"column":60}}]},"7":{"line":88,"type":"if","locations":[{"start":{"line":88,"column":12},"end":{"line":88,"column":12}},{"start":{"line":88,"column":12},"end":{"line":88,"column":12}}]},"8":{"line":88,"type":"binary-expr","locations":[{"start":{"line":88,"column":16},"end":{"line":88,"column":30}},{"start":{"line":88,"column":35},"end":{"line":88,"column":65}}]},"9":{"line":96,"type":"if","locations":[{"start":{"line":96,"column":12},"end":{"line":96,"column":12}},{"start":{"line":96,"column":12},"end":{"line":96,"column":12}}]},"10":{"line":142,"type":"if","locations":[{"start":{"line":142,"column":28},"end":{"line":142,"column":28}},{"start":{"line":142,"column":28},"end":{"line":142,"column":28}}]},"11":{"line":161,"type":"if","locations":[{"start":{"line":161,"column":40},"end":{"line":161,"column":40}},{"start":{"line":161,"column":40},"end":{"line":161,"column":40}}]},"12":{"line":171,"type":"if","locations":[{"start":{"line":171,"column":28},"end":{"line":171,"column":28}},{"start":{"line":171,"column":28},"end":{"line":171,"column":28}}]},"13":{"line":191,"type":"cond-expr","locations":[{"start":{"line":191,"column":42},"end":{"line":191,"column":57}},{"start":{"line":191,"column":60},"end":{"line":191,"column":70}}]},"14":{"line":192,"type":"cond-expr","locations":[{"start":{"line":192,"column":22},"end":{"line":192,"column":32}},{"start":{"line":192,"column":35},"end":{"line":192,"column":50}}]},"15":{"line":219,"type":"if","locations":[{"start":{"line":219,"column":16},"end":{"line":219,"column":16}},{"start":{"line":219,"column":16},"end":{"line":219,"column":16}}]},"16":{"line":221,"type":"if","locations":[{"start":{"line":221,"column":20},"end":{"line":221,"column":20}},{"start":{"line":221,"column":20},"end":{"line":221,"column":20}}]},"17":{"line":275,"type":"binary-expr","locations":[{"start":{"line":275,"column":8},"end":{"line":275,"column":13}},{"start":{"line":275,"column":18},"end":{"line":275,"column":28}}]},"18":{"line":277,"type":"if","locations":[{"start":{"line":277,"column":8},"end":{"line":277,"column":8}},{"start":{"line":277,"column":8},"end":{"line":277,"column":8}}]},"19":{"line":301,"type":"binary-expr","locations":[{"start":{"line":301,"column":16},"end":{"line":301,"column":31}},{"start":{"line":301,"column":35},"end":{"line":301,"column":86}}]},"20":{"line":323,"type":"binary-expr","locations":[{"start":{"line":323,"column":8},"end":{"line":323,"column":23}},{"start":{"line":323,"column":27},"end":{"line":323,"column":88}}]},"21":{"line":333,"type":"cond-expr","locations":[{"start":{"line":333,"column":63},"end":{"line":333,"column":106}},{"start":{"line":333,"column":109},"end":{"line":333,"column":120}}]},"22":{"line":371,"type":"binary-expr","locations":[{"start":{"line":371,"column":7},"end":{"line":371,"column":14}},{"start":{"line":371,"column":18},"end":{"line":371,"column":20}}]},"23":{"line":375,"type":"if","locations":[{"start":{"line":375,"column":8},"end":{"line":375,"column":8}},{"start":{"line":375,"column":8},"end":{"line":375,"column":8}}]},"24":{"line":381,"type":"if","locations":[{"start":{"line":381,"column":4},"end":{"line":381,"column":4}},{"start":{"line":381,"column":4},"end":{"line":381,"column":4}}]},"25":{"line":386,"type":"if","locations":[{"start":{"line":386,"column":4},"end":{"line":386,"column":4}},{"start"
[...]
   = require(\"util\"),","    async       = require('async'),","    Q           = require('q'),","    through     = require('through2'),","    Readable    = require('stream').Readable,","","    PLUGIN_NAME = \"gulp-sprite-generator\",","    debug;","","var log = function() {","    var args, sig;","","    args = Array.prototype.slice.call(arguments);","    sig = '[' + colors.green(PLUGIN_NAME) + ']';","    args.unshift(sig);","","    gutil.log.apply(gutil, args);","};","","var getImages = (function() {","    var httpRegex, imageRegex, filePathRegex, pngRegex, retinaRegex;","","    imageRegex    = new RegExp('background-image:[\\\\s]?url\\\\([\"\\']?([\\\\w\\\\d\\\\s!:./\\\\-\\\\_@]*\\\\.[\\\\w?#]+)[\"\\']?\\\\)[^;]*\\\\;(?:\\\\s*\\\\/\\\\*\\\\s*@meta\\\\s*(\\\\{.*\\\\})\\\\s*\\\\*\\\\/)?', 'ig');","    retinaRegex   = new RegExp('@(\\\\d)x\\\\.[a-z]{3,4}$', 'ig');","    httpRegex     = new RegExp('http[s]?', 'ig');","    pngRegex      = new RegExp('\\\\.png$', 'ig');","    filePathRegex = new RegExp('[\"\\']?([\\\\w\\\\d\\\\s!:./\\\\-\\\\_@]*\\\\.[\\\\w?#]+)[\"\\']?', 'ig');","","    return function(file, options) {","        var reference, images,","            retina, filePath,","            url, image, meta, basename,","            makeRegexp, content;","","        content = file.contents.toString();","","        images = [];","","        basename = path.basename(file.path);","","        makeRegexp = (function() {","            var matchOperatorsRe = /[|\\\\/{}()[\\]^$+*?.]/g;","","            return function(str) {","                return str.replace(matchOperatorsRe,  '\\\\$&');","            }","        })();","","        while ((reference = imageRegex.exec(content)) != null) {","            url   = reference[1];","            meta  = reference[2];","","            image = {","                replacement: new RegExp('background-image:\\\\s+url\\\\(\\\\s?([\"\\']?)\\\\s?' + makeRegexp(url) + '\\\\s?\\\\1\\\\s?\\\\)[^;]*\\\\;', 'gi'),","                url:         url,","                group:       [],","                isRetina:    false,","                retinaRatio: 1,","                meta:        {}","            };","","            if (httpRegex.test(url)) {","                options.verbose && log(colors.cyan(basename) + ' > ' + url + ' has been skipped as it\\'s an external resource!');","                continue;","            }","","            if (!pngRegex.test(url)) {","                options.verbose && log(colors.cyan(basename) + ' > ' + url + ' has been skipped as it\\'s not a PNG!');","                continue;","            }","","            if (meta) {","                try {","                    meta = JSON.parse(meta);","                    meta.sprite && (image.meta = meta.sprite);","                } catch (err) {","                    log(colors.cyan(basename) + ' > ' + colors.white('Can not parse meta json for ' + url) + ': \"' + colors.red(err) + '\"');","                }","            }","","            if (options.retina && (retina = retinaRegex.exec(url))) {","                image.isRetina = true;","                image.retinaRatio = retina[1];","            }","","            filePath = filePathRegex.exec(url)[0].replace(/['\"]/g, '');","","            // if url to image is relative","            if(filePath.charAt(0) === \"/\") {","                filePath = path.resolve(options.baseUrl + filePath);","            } else {","                filePath = path.resolve(file.path.substring(0, file.path.lastIndexOf(path.sep)), filePath);","            }","","            image.path = filePath;","","            // reset lastIndex","            [httpRegex, pngRegex, retinaRegex, filePathRegex].forEach(function(regex) {","                regex.lastIndex = 0;","            });","","            images.push(image);","        }","","        // reset lastIndex","        imageRegex.lastIndex = 0;","","        // remove nulls and duplicates","        images = _.chain(images)","            .filter()","            .unique(function(image) {","                return image.path;","            })","            .value();","","        return Q(images)","            // apply user filters","            .then(function(images) {","                return Q.Promise(function(resolve, reject) {","                    async.reduce(","                        options.filter,","                        images,","                        function(images, filter, next) {","                            async.filter(","                                images,","                                function(image, ok) {","                                    Q(filter(image)).then(ok);","                                },","                                function(images) {","                                    next(null, images);","                                }","                            );","                        },","                        function(err, images) {","                            if (err) {","                                return reject(err);","                            }","","                            resolve(images);","                        }","                    );","                });","            })","            // apply user group processors","            .then(function(images) {","                return Q.Promise(function(resolve, reject) {","                    async.reduce(","                        options.groupBy,","                        images,","                        function(images, groupBy, next) {","                            async.map(images, function(image, done) {","                                Q(groupBy(image))","                                    .then(function(group) {","                                        if (group) {","                                            image.group.push(group);","                                        }","","                                        done(null, image);","                                    })","                                    .catch(done);","                            }, next);","                        },","                        function(err, images) {","                            if (err) {","                                return reject(err);","                            }","","                            resolve(images);","                        }","                    );","                });","            });","    }","})();","","var callSpriteSmithWith = (function() {","    var GROUP_DELIMITER = \".\",","        GROUP_MASK = \"*\";","","    // helper function to minimize user group names symbols collisions","    function mask(toggle) {","        var from, to;","","        from = new RegExp(\"[\" + (toggle ? GROUP_DELIMITER : GROUP_MASK) + \"]\", \"gi\");","        to = toggle ? GROUP_MASK : GROUP_DELIMITER;","","        return function(value) {","            return value.replace(from, to);","        }","    }","","    return function(images, options) {","        var all;","","        all = _.chain(images)","            .groupBy(function(image) {","                var tmp;","","                tmp = image.group.map(mask(true));","                tmp.unshift('_');","","                return tmp.join(GROUP_DELIMITER);","            })","            .map(function(images, tmp) {","                var config, ratio;","","                config = _.merge({}, options, {","                    src: _.pluck(images, 'path')","                });","","                // enlarge padding, if its retina","                if (_.every(images, function(image) {return image.isRetina})) {","                    ratio = _.chain(images).flatten('retinaRatio').unique().value();","                    if (ratio.length == 1) {","                        config.padding = config.padding * ratio[0];","                    }","                }","","                return Q.nfcall(spritesmith, config).then(function(result) {","                    tmp = tmp.split(GROUP_DELIMITER);","                    tmp.shift();","","                    // append info about sprite group","                    result.group = tmp.map(mask(false));","","                    return result;","                });","            })","            .value();","","","        return Q.all(all).then(function(results) {","            debug.images+= images.length;","            debug.sprites+= results.length;","            return results;","        });","    }","})();","","var updateReferencesIn = (function() {","    var template;","","    template = _.template(","        'background-image: url(\"<%= spriteSheetPath %>\");\\n    ' +","        'background-position: -<%= isRetina ? (coordinates.x / retinaRatio) : coordinates.x %>px -<%= isRetina ? (coordinates.y / retinaRatio) : coordinates.y %>px;\\n    ' +","        'background-size: <%= isRetina ? (properties.width / retinaRatio) : properties.width %>px <%= isRetina ? (properties.height / retinaRatio) : properties.height %>px!important;'","    );","","    return function(file) {","        var content = file.contents.toString();","","        return function(results) {","            results.forEach(function(images) {","                images.forEach(function(image) {","                    content = content.replace(image.replacement, template(image));","                });","            });","","            return Q(content);","        }","    }","})();","","var exportSprites = (function() {","    function makeSpriteSheetPath(spriteSheetName, group) {","        var path;","","        group || (group = []);","","        if (group.length == 0) {","            return spriteSheetName;","        }","","        path = spriteSheetName.split('.');","        Array.prototype.splice.apply(path, [path.length - 1, 0].concat(group));","","        return path.join('.');","    }","","    return function(stream, options) {","        return function(results) {","            results = results.map(function(result) {","                var sprite;","","                result.path = makeSpriteSheetPath(options.spriteSheetName, result.group);","","                sprite = new File({","                    path: result.path,","                    contents: new Buffer(result.image, 'binary')","                });","","                stream.push(sprite);","","                options.verbose && log('Spritesheet', result.path, 'has been created');","","","                return result;","            });            ","","            return results;","        }","    }","})();","","var exportStylesheet = function(stream, options) {","    return function(content) {","        var stylesheet;","","        stylesheet = new File({","            path: options.styleSheetName,","            contents: new Buffer(content)","        });","","        stream.push(stylesheet);","","        options.verbose && log('Stylesheet', options.styleSheetName, 'has been created');","    }","};","","var mapSpritesProperties = function(images, options) {","    return function(results) {","        return results.map(function(result) {","            return _.map(result.coordinates, function(coordinates, path) {","                return _.merge(_.find(images, {path: path}), {","                    coordinates: coordinates,","                    spriteSheetPath: options.spriteSheetPath ? options.spriteSheetPath + \"/\" + result.path : result.path,","                    properties: result.properties","                });","            });","        });","    }","};","","module.exports = function(options) { 'use strict';","    var stream, styleSheetStream, spriteSheetStream;","","    debug = {","        sprites: 0,","        images:  0","    };","","    options = _.merge({","        src:        [],","        engine:     \"pngsmith\", //auto","        algorithm:  \"top-down\",","        padding:    0,","        engineOpts: {},","        exportOpts: {","","        },","        imgOpts: {","            timeout: 30000","        },","","        baseUrl:         './',","        retina:          true,","        styleSheetName:  null,","        spriteSheetName: null,","        spriteSheetPath: null,","        filter:          [],","        groupBy:         [],","        accumulate:      false,","        verbose:         false","    }, options || {});","","    // check necessary properties","    ['spriteSheetName'].forEach(function(property) {","        if (!options[property]) {","            throw new gutil.PluginError(PLUGIN_NAME, '`' + property + '` is required');","        }","    });","","    // prepare filters","    if (_.isFunction(options.filter)) {","        options.filter = [options.filter]","    }","","    // prepare groupers","    if (_.isFunction(options.groupBy)) {","        options.groupBy = [options.groupBy]","    }","","    // add meta skip filter","    options.filter.unshift(function(image) {","        image.meta.skip && options.verbose && log(image.path + ' has been skipped as it meta declares to skip');","        return !image.meta.skip;","    });","","    // add not existing filter","    options.filter.push(function(image) {","        var deferred = Q.defer();","","        fs.exists(image.path, function(exists) {","            !exists && options.verbose && log(image.path + ' has been skipped as it does not exist!');","            deferred.resolve(exists);","        });","","        return deferred.promise;","    });","","    // add retina grouper if needed","    if (options.retina) {","        options.groupBy.unshift(function(image) {","            if (image.isRetina) {","                return \"@\" + image.retinaRatio + \"x\";","            }","","            return null;","        });","    }","","    // create output streams","    function noop(){}","    styleSheetStream = new Readable({objectMode: true});","    spriteSheetStream = new Readable({objectMode: true});","    spriteSheetStream._read = styleSheetStream._read = noop;","","    var accumulatedFiles = [];","","    stream = through.obj(","        function(file, enc, done) {","            if (file.isNull()) {","                this.push(file); // Do nothing if no contents","                return done();","            }","","            if (file.isStream()) {","                this.emit('error', new gutil.PluginError(PLUGIN_NAME, 'Streams is not supported!'));","                return done();","            }","","            if (file.isBuffer()) {","                // postpone evaluation, if we accumulating","                if (options.accumulate) {","                    accumulatedFiles.push(file);","                    stream.push(file);","                    done();","                    return;","                }","","                getImages(file, options)","                    .then(function(images) {","                        callSpriteSmithWith(images, options)","                            .then(exportSprites(spriteSheetStream, options))","                            .then(mapSpritesProperties(images, options))","                            .then(updateReferencesIn(file))","                            .then(exportStylesheet(styleSheetStream, _.extend({}, options, { styleSheetName: options.styleSheetName || path.basename(file.path) })))","                            .then(function() {","                                // pipe source file","                                stream.push(file);","                                done();","                            })","                            .catch(function(err) {","                                stream.emit('error', new gutil.PluginError(PLUGIN_NAME, err));","                                done();","                            });","                    });","","","                return null;","            } else {","                this.emit('error', new gutil.PluginError(PLUGIN_NAME, 'Something went wrong!'));","                return done();","            }","        },","        // flush","        function(done) {","            var pending;","","            if (options.accumulate) {","                pending = Q","                    .all(accumulatedFiles.map(function(file) {","                        return getImages(file, options);","                    }))","                    .then(function(list) {","                        var images;","","                        return _.chain(list)","                            .reduce(function(images, portion) {","                                return images.concat(portion);","                            }, [])","                            .unique(function(image) {","                                return image.path;","                            })","                            .value();","                    })","                    .then(function(images) {","                        return callSpriteSmithWith(images, options)","                            .then(exportSprites(spriteSheetStream, options))","                            .then(mapSpritesProperties(images, options))","                            .then(function(results) {","                                return Q.all(accumulatedFiles.map(function(file) {","                                    return updateReferencesIn(file)(results)","                                        .then(exportStylesheet(styleSheetStream, _.extend({}, options, { styleSheetName: path.basename(file.path) })));","                                }));","                            });","                    })","                    .catch(function(err) {","                        stream.emit('error', new gutil.PluginError(PLUGIN_NAME, err));","                        done();","                    });","            } else {","                pending = Q();","            }","","            pending.then(function() {","                // end streams","                styleSheetStream.push(null);","                spriteSheetStream.push(null);","","                log(util.format(\"Created %d sprite(s) from %d images, saved %s% requests\", debug.sprites, debug.images, debug.images > 0 ? ((debug.sprites / debug.images) * 100).toFixed(1) : 0));","","                done();","            });","        }","    );","","    stream.css = styleSheetStream;","    stream.img = spriteSheetStream;","","    return stream;","};"],"l":{"1":1,"17":1,"18":0,"20":0,"21":0,"22":0,"24":0,"27":1,"28":1,"30":1,"31":1,"32":1,"33":1,"34":1,"36":1,"37":0,"42":0,"44":0,"46":0,"48":0,"49":0,"51":0,"52":0,"56":0,"57":0,"58":0,"60":0,"69":0,"70":0,"71":0,"74":0,"75":0,"76":0,"79":0,"80":0,"81":0,"82":0,"84":0,"88":0,"89":0,"90":0,"93":0,"96":0,"97":0,"99":0,"102":0,"105":0,"106":0,"109":0,"113":0,"116":0,"119":0,"123":0,"126":0,"127":0,"131":0,"134":0,"137":0,"142":0,"143":0,"146":0,"153":0,"154":0,"158":0,"159":0,"161":0,"162":0,"165":0,"171":0,"172":0,"175":0,"183":1,"184":1,"188":1,"189":0,"191":0,"192":0,"194":0,"195":0,"199":1,"200":0,"202":0,"204":0,"206":0,"207":0,"209":0,"212":0,"214":0,"219":0,"220":0,"221":0,"222":0,"226":0,"227":0,"228":0,"231":0,"233":0,"239":0,"240":0,"241":0,"242":0,"247":1,"248":1,"250":1,"256":1,"257":0,"259":0,"260":0,"261":0,"262":0,"266":0,"271":1,"272":1,"273":0,"275":0,"277":0,"278":0,"281":0,"282":0,"284":0,"287":1,"288":0,"289":0,"290":0,"292":0,"294":0,"299":0,"301":0,"304":0,"307":0,"312":1,"313":0,"314":0,"316":0,"321":0,"323":0,"327":1,"328":0,"329":0,"330":0,"331":0,"341":1,"342":0,"344":0,"349":0,"374":0,"375":0,"376":0,"381":0,"382":0,"386":0,"387":0,"391":0,"392":0,"393":0,"397":0,"398":0,"400":0,"401":0,"402":0,"405":0,"409":0,"410":0,"411":0,"412":0,"415":0,"420":1,"421":0,"422":0,"423":0,"425":0,"427":0,"429":0,"430":0,"431":0,"434":0,"435":0,"436":0,"439":0,"441":0,"442":0,"443":0,"444":0,"445":0,"448":0,"450":0,"457":0,"458":0,"461":0,"462":0,"467":0,"469":0,"470":0,"475":0,"477":0,"478":0,"480":0,"483":0,"485":0,"487":0,"490":0,"495":0,"499":0,"500":0,"506":0,"507":0,"510":0,"513":0,"515":0,"516":0,"518":0,"520":0,"525":0,"526":0,"528":0}}}